<?xml version="1.0" encoding="UTF-8" standalone="no"?>
<fileLog>
<createdFiles>
<entry name="api\javadoc\com\jprofiler\api\probe\injected\package-tree.html" shared="false" uninstallMode="0"/>
<entry name="api\javadoc\com\jprofiler\api\controller\ProbeRecordingOptions.html" shared="false" uninstallMode="0"/>
<entry name="jre\bin\ucrtbase.dll" shared="false" uninstallMode="3"/>
<entry name="demo\jdbc\classes\jdbc\ServerControllerFrame$1.class" shared="false" uninstallMode="0"/>
<entry name="demo\server\src\com\ejt\mock\servlet\MockServlet.java" shared="false" uninstallMode="0"/>
<entry name="lib\jna-platform.jar" shared="false" uninstallMode="0"/>
<entry name="demo\server\classes\com\ejt\mock\MockCallable.class" shared="false" uninstallMode="0"/>
<entry name="jre\lib\ext\sunpkcs11.jar" shared="false" uninstallMode="3"/>
<entry name="jre\lib\charsets.jar" shared="false" uninstallMode="3"/>
<entry name="jre\lib\psfont.properties.ja" shared="false" uninstallMode="3"/>
<entry name="jre\lib\psfontj2d.properties" shared="false" uninstallMode="3"/>
<entry name="demo\server\src\com\ejt\mock\servlet\MockJspPage.java" shared="false" uninstallMode="0"/>
<entry name="api\javadoc\overview-summary.html" shared="false" uninstallMode="0"/>
<entry name="jre\bin\api-ms-win-crt-stdio-l1-1-0.dll" shared="false" uninstallMode="3"/>
<entry name="api\javadoc\jquery\images\ui-icons_2e83ff_256x240.png" shared="false" uninstallMode="0"/>
<entry name="demo\server\lib\uncommons-maths.jar" shared="false" uninstallMode="0"/>
<entry name="demo\server\classes\com\ejt\demo\server\mbean\TestData.class" shared="false" uninstallMode="0"/>
<entry name="jre\bin\msvcr100.dll" shared="false" uninstallMode="3"/>
<entry name="bin\windows\msvcr71.dll" shared="false" uninstallMode="0"/>
<entry name="api\javadoc\com\jprofiler\api\controller\package-tree.html" shared="false" uninstallMode="0"/>
<entry name="api\javadoc\com\jprofiler\api\platform\parameters\package-summary.html" shared="false" uninstallMode="0"/>
<entry name="demo\server\src\com\ejt\demo\server\controls\AdjustableSimulatorControl.java" shared="false" uninstallMode="0"/>
<entry name="jre\lib\hijrah-config-umalqura.properties" shared="false" uninstallMode="3"/>
<entry name="bin\jpdump.exe" shared="false" uninstallMode="0"/>
<entry name="demo\server\classes\com\ejt\demo\server\DemoInitialContextFactory.class" shared="false" uninstallMode="0"/>
<entry name="api\javadoc\com\jprofiler\api\probe\injected\parameter\package-tree.html" shared="false" uninstallMode="0"/>
<entry name="demo\sort\src\sort\Comparison.java" shared="false" uninstallMode="0"/>
<entry name="api\javadoc\element-list" shared="false" uninstallMode="0"/>
<entry name="lib\flightrecorder-7.1.0-SNAPSHOT.jar" shared="false" uninstallMode="0"/>
<entry name=".install4j\i4j_extf_5_plfd3t.txt" shared="false" uninstallMode="2"/>
<entry name="jre\bin\jaas_nt.dll" shared="false" uninstallMode="3"/>
<entry name="jre\lib\fonts\DroidSansMonoSlashed.ttf" shared="false" uninstallMode="3"/>
<entry name="demo\server\classes\com\ejt\demo\server\handlers\DemoHttpServer.class" shared="false" uninstallMode="0"/>
<entry name="lib\eclipse\plugins\org.eclipse.jdt.debug_3.12.100.v20181116-1959\META-INF\MANIFEST.MF" shared="false" uninstallMode="0"/>
<entry name="jre\lib\images\cursors\win32_MoveDrop32x32.gif" shared="false" uninstallMode="3"/>
<entry name="demo\jdbc\src\jdbc\JdbcDemo.java" shared="false" uninstallMode="0"/>
<entry name="lib\kotlin-stdlib-jdk8-1.3.72.jar" shared="false" uninstallMode="0"/>
<entry name="jre\lib\rt.jar" shared="false" uninstallMode="3"/>
<entry name="jre\bin\j2pcsc.dll" shared="false" uninstallMode="3"/>
<entry name="lib\jna.jar" shared="false" uninstallMode="0"/>
<entry name="demo\server\classes\com\ejt\mock\jpa\MockEntityManager.class" shared="false" uninstallMode="0"/>
<entry name="api\javadoc\com\jprofiler\api\platform\descriptors\ClassDescriptor.html" shared="false" uninstallMode="0"/>
<entry name="jre\bin\policytool.exe" shared="false" uninstallMode="3"/>
<entry name=".install4j\user.jar" shared="false" uninstallMode="2"/>
<entry name="api\javadoc\com\jprofiler\api\probe\injected\ProbeContext.html" shared="false" uninstallMode="0"/>
<entry name="lib\jsr305-3.0.2.jar" shared="false" uninstallMode="0"/>
<entry name="lib\eclipse\plugins\org.eclipse.core.resources_3.13.200.v20181121-1020.jar" shared="false" uninstallMode="0"/>
<entry name="jre\lib\fonts\LICENSE.txt" shared="false" uninstallMode="3"/>
<entry name="demo\jdbc\lib\hsqldb.jar" shared="false" uninstallMode="0"/>
<entry name="demo\server\classes\com\ejt\mock\jpa\MockTypedQuery.class" shared="false" uninstallMode="0"/>
<entry name="bin\jpanalyze.vmoptions" shared="false" uninstallMode="3"/>
<entry name="jre\bin\api-ms-win-core-file-l2-1-0.dll" shared="false" uninstallMode="3"/>
<entry name="api\samples\platform\build.gradle" shared="false" uninstallMode="0"/>
<entry name="demo\server\classes\com\ejt\demo\server\controls\RunOncePerThreadSimulatorControl$1.class" shared="false" uninstallMode="0"/>
<entry name="api\javadoc\com\jprofiler\api\probe\embedded\ThreadState.html" shared="false" uninstallMode="0"/>
<entry name="jre\bin\api-ms-win-core-console-l1-1-0.dll" shared="false" uninstallMode="3"/>
<entry name="jre\lib\fonts\FiraCode-Regular.ttf" shared="false" uninstallMode="3"/>
<entry name="api\javadoc\search.js" shared="false" uninstallMode="0"/>
<entry name="bin\windows\jprofiler.bat" shared="false" uninstallMode="0"/>
<entry name="demo\jdbc\classes\jdbc\db\test.properties" shared="false" uninstallMode="0"/>
<entry name="demo\server\src\com\ejt\demo\server\test\OneRequestDemoServer.java" shared="false" uninstallMode="0"/>
<entry name="integrations\jdeveloper11g-jprofiler.zip" shared="false" uninstallMode="0"/>
<entry name="lib\kotlinx-coroutines-jdk8-1.3.8.jar" shared="false" uninstallMode="0"/>
<entry name="jre\bin\api-ms-win-crt-heap-l1-1-0.dll" shared="false" uninstallMode="3"/>
<entry name="api\samples\advanced-injected-probe\build.gradle" shared="false" uninstallMode="0"/>
<entry name="bin\jpexport.exe" shared="false" uninstallMode="0"/>
<entry name=".install4j\user\custom.jar" shared="false" uninstallMode="2"/>
<entry name="jre\bin\api-ms-win-core-profile-l1-1-0.dll" shared="false" uninstallMode="3"/>
<entry name="jre\bin\instrument.dll" shared="false" uninstallMode="3"/>
<entry name="jre\lib\fonts\SourceCodePro-It.ttf" shared="false" uninstallMode="3"/>
<entry name="jre\lib\fonts\font.conf" shared="false" uninstallMode="3"/>
<entry name="bin\jpexport.vmoptions" shared="false" uninstallMode="3"/>
<entry name="api\javadoc\com\jprofiler\api\probe\injected\telemetry\TelemetryFormat.html" shared="false" uninstallMode="0"/>
<entry name="demo\server\src\com\ejt\demo\server\handlers\RmiHandler.java" shared="false" uninstallMode="0"/>
<entry name="api\javadoc\jquery\images\ui-bg_glass_55_fbf9ee_1x400.png" shared="false" uninstallMode="0"/>
<entry name="jre\bin\msvcp140.dll" shared="false" uninstallMode="3"/>
<entry name="demo\server\src\com\ejt\demo\server\mbean\TestData.java" shared="false" uninstallMode="0"/>
<entry name="lib\eclipse\plugins\org.eclipse.debug.core_3.13.100.v20181201-1650.jar" shared="false" uninstallMode="0"/>
<entry name="bin\updater.exe" shared="false" uninstallMode="0"/>
<entry name="demo\mandelbrot\src\mandelbrot\Mandelbrot.java" shared="false" uninstallMode="0"/>
<entry name="jre\lib\amd64\server\classes.jsa" shared="false" uninstallMode="0"/>
<entry name="demo\bezier\classes\bezier\BezierAnim$Demo.class" shared="false" uninstallMode="0"/>
<entry name=".install4j\MessagesDefault" shared="false" uninstallMode="2"/>
<entry name="jre\bin\unpack200.exe" shared="false" uninstallMode="3"/>
<entry name="jre\bin\api-ms-win-crt-environment-l1-1-0.dll" shared="false" uninstallMode="3"/>
<entry name="jre\bin\hprof.dll" shared="false" uninstallMode="3"/>
<entry name="api\javadoc\com\jprofiler\api\platform\descriptors\Descriptor.html" shared="false" uninstallMode="0"/>
<entry name="C:\ProgramData\Microsoft\Windows\Start Menu\Programs\JProfiler 11\JProfiler.lnk" shared="false" uninstallMode="2"/>
<entry name="api\javadoc\com\jprofiler\api\platform\structures\Tree.html" shared="false" uninstallMode="0"/>
<entry name="jre\bin\jawt.dll" shared="false" uninstallMode="3"/>
<entry name="api\samples\simple-embedded-probe\src\main\java\FactorialServer.java" shared="false" uninstallMode="0"/>
<entry name="api\samples\simple-injected-probe\src\main\java\SimpleAwtEventProbe.java" shared="false" uninstallMode="0"/>
<entry name="demo\server\classes\com\ejt\demo\server\test\OneRequestDemoServer.class" shared="false" uninstallMode="0"/>
<entry name="lib\eclipse\plugins\org.eclipse.jdt.debug_3.12.100.v20181116-1959\META-INF\ECLIPSE_.RSA" shared="false" uninstallMode="0"/>
<entry name="api\javadoc\com\jprofiler\api\probe\injected\package-summary.html" shared="false" uninstallMode="0"/>
<entry name="jre\bin\dt_shmem.dll" shared="false" uninstallMode="3"/>
<entry name="api\javadoc\com\jprofiler\api\probe\injected\interception\Interception.html" shared="false" uninstallMode="0"/>
<entry name="config\config_template.xml" shared="false" uninstallMode="0"/>
<entry name="demo\server\src\com\ejt\mock\jdbc\MockDataSource.java" shared="false" uninstallMode="0"/>
<entry name="lib\asm-9.0-beta.jar" shared="false" uninstallMode="0"/>
<entry name="lib\guava-25.1-jre.jar" shared="false" uninstallMode="0"/>
<entry name="api\javadoc\deprecated-list.html" shared="false" uninstallMode="0"/>
<entry name="demo\server\classes\com\ejt\demo\helper\MultilineLabel.class" shared="false" uninstallMode="0"/>
<entry name="api\samples\simple-embedded-probe\src\main\java\FactorialCache.java" shared="false" uninstallMode="0"/>
<entry name="jre\lib\ext\localedata.jar" shared="false" uninstallMode="3"/>
<entry name="lib\eclipse\plugins\org.eclipse.jdt.launching.macosx_3.4.200.v20180823-0805.jar" shared="false" uninstallMode="0"/>
<entry name="api\javadoc\jquery\jquery-ui.min.js" shared="false" uninstallMode="0"/>
<entry name="lib\eclipse\plugins\org.eclipse.core.runtime_3.15.100.v20181107-1343.jar" shared="false" uninstallMode="0"/>
<entry name="jre\bin\gstreamer-lite.dll" shared="false" uninstallMode="3"/>
<entry name="api\javadoc\com\jprofiler\api\platform\util\package-summary.html" shared="false" uninstallMode="0"/>
<entry name="api\javadoc\jquery\jszip-utils\dist\jszip-utils-ie.js" shared="false" uninstallMode="0"/>
<entry name="api\javadoc\com\jprofiler\api\probe\injected\interception\SplitInterception.html" shared="false" uninstallMode="0"/>
<entry name="api\javadoc\com\jprofiler\api\probe\injected\interception\PayloadInterception.html" shared="false" uninstallMode="0"/>
<entry name="demo\jdbc\classes\jdbc\ServerControllerFrame$2.class" shared="false" uninstallMode="0"/>
<entry name="jre\lib\management\management.properties" shared="false" uninstallMode="3"/>
<entry name="api\javadoc\index-all.html" shared="false" uninstallMode="0"/>
<entry name="demo\server\src\com\ejt\demo\server\controls\RunOnceSimulatorControl.java" shared="false" uninstallMode="0"/>
<entry name="jre\lib\security\policy\limited\local_policy.jar" shared="false" uninstallMode="3"/>
<entry name="lib\nanoxml-2.2.3.jar" shared="false" uninstallMode="0"/>
<entry name="jre\lib\amd64\client\classes.jsa" shared="false" uninstallMode="0"/>
<entry name="lib\objenesis-2.5.1.jar" shared="false" uninstallMode="0"/>
<entry name="jre\bin\tnameserv.exe" shared="false" uninstallMode="3"/>
<entry name="api\javadoc\jquery\jszip\dist\jszip.js" shared="false" uninstallMode="0"/>
<entry name="api\jprofiler-probe-injected-sources.jar" shared="false" uninstallMode="0"/>
<entry name="lib\eclipse\plugins\org.eclipse.core.variables_3.4.300.v20181028-0627.jar" shared="false" uninstallMode="0"/>
<entry name="demo\server\classes\com\ejt\mock\jndi\MockInitialContextFactory.class" shared="false" uninstallMode="0"/>
<entry name="bin\ant.jar" shared="false" uninstallMode="0"/>
<entry name="integrations\README.txt" shared="false" uninstallMode="0"/>
<entry name="api\samples\offline\build.gradle" shared="false" uninstallMode="0"/>
<entry name="lib\eclipse\plugins\org.eclipse.core.commands_3.9.200.v20180827-1727.jar" shared="false" uninstallMode="0"/>
<entry name="lib\api\script-sources.jar" shared="false" uninstallMode="0"/>
<entry name="api\samples\samples.iml" shared="false" uninstallMode="0"/>
<entry name="jre\bin\api-ms-win-core-datetime-l1-1-0.dll" shared="false" uninstallMode="3"/>
<entry name="demo\server\src\com\ejt\demo\server\mbean\StandardTest.java" shared="false" uninstallMode="0"/>
<entry name="lib\eclipse\plugins\org.eclipse.jdt.debug_3.12.100.v20181116-1959\jdimodel.jar" shared="false" uninstallMode="0"/>
<entry name="demo\server\src\com\ejt\demo\server\controls\NoEventsSimulatorControl.java" shared="false" uninstallMode="0"/>
<entry name="demo\server\src\com\ejt\demo\server\gui\ServerControlFrame.java" shared="false" uninstallMode="0"/>
<entry name="lib\xml-apis-ext-1.3.04.jar" shared="false" uninstallMode="0"/>
<entry name="lib\eclipse\.eclipseproduct" shared="false" uninstallMode="0"/>
<entry name="lib\eclipse\notice.html" shared="false" uninstallMode="0"/>
<entry name="lib\eclipse\plugins\org.eclipse.jdt.debug_3.12.100.v20181116-1959\plugin.properties" shared="false" uninstallMode="0"/>
<entry name="api\javadoc\jquery\images\ui-bg_highlight-soft_75_cccccc_1x100.png" shared="false" uninstallMode="0"/>
<entry name=".install4j\i4j_extf_7_plfd3t_x7nby6.png" shared="false" uninstallMode="2"/>
<entry name="api\javadoc\member-search-index.js" shared="false" uninstallMode="0"/>
<entry name="jre\LICENSE" shared="false" uninstallMode="3"/>
<entry name="jre\lib\management\snmp.acl.template" shared="false" uninstallMode="3"/>
<entry name="demo\server\src\com\ejt\demo\server\entities\Order.java" shared="false" uninstallMode="0"/>
<entry name="demo\server\lib\jpa-api.jar" shared="false" uninstallMode="0"/>
<entry name="demo\server\src\com\ejt\mock\jdbc\MockPreparedStatement.java" shared="false" uninstallMode="0"/>
<entry name=".install4j\installer.ico" shared="false" uninstallMode="2"/>
<entry name="api\javadoc\com\jprofiler\api\probe\injected\ControlObjectName.html" shared="false" uninstallMode="0"/>
<entry name="jre\bin\mlib_image.dll" shared="false" uninstallMode="3"/>
<entry name="demo\jdbc\src\jdbc\db\test.script" shared="false" uninstallMode="0"/>
<entry name="api\javadoc\com\jprofiler\api\probe\injected\parameter\package-summary.html" shared="false" uninstallMode="0"/>
<entry name="api\javadoc\com\jprofiler\api\controller\ProbeObjectType.html" shared="false" uninstallMode="0"/>
<entry name="api\samples\platform\app\build.gradle" shared="false" uninstallMode="0"/>
<entry name="lib\miglayout-core-4.2.jar" shared="false" uninstallMode="0"/>
<entry name="jre\bin\api-ms-win-crt-private-l1-1-0.dll" shared="false" uninstallMode="3"/>
<entry name="demo\server\classes\com\ejt\mock\MockHelper.class" shared="false" uninstallMode="0"/>
<entry name="jre\lib\jfxswt.jar" shared="false" uninstallMode="3"/>
<entry name="demo\server\src\com\ejt\demo\server\mbean\NestedTestData.java" shared="false" uninstallMode="0"/>
<entry name="api\jprofiler-probe-injected.jar" shared="false" uninstallMode="0"/>
<entry name="lib\java-websocket.jar" shared="false" uninstallMode="0"/>
<entry name="lib\eclipse\plugins\org.eclipse.equinox.simpleconfigurator_1.3.200.v20181101-1115.jar" shared="false" uninstallMode="0"/>
<entry name="jre\bin\api-ms-win-core-timezone-l1-1-0.dll" shared="false" uninstallMode="3"/>
<entry name="api\javadoc\com\jprofiler\api\platform\structures\ThreadInfo.html" shared="false" uninstallMode="0"/>
<entry name="demo\bezier\src\bezier\BezierAnim.java" shared="false" uninstallMode="0"/>
<entry name=".install4j\pref_jre.cfg" shared="false" uninstallMode="0"/>
<entry name="demo\server\src\com\ejt\demo\server\mbean\Test.java" shared="false" uninstallMode="0"/>
<entry name="lib\eclipse\plugins\org.eclipse.equinox.preferences_3.7.200.v20180827-1235.jar" shared="false" uninstallMode="0"/>
<entry name="api\samples\advanced-embedded-probe\src\main\java\internal\MockHelper.java" shared="false" uninstallMode="0"/>
<entry name="demo\server\src\com\ejt\demo\server\handlers\RmiHandlerImpl.java" shared="false" uninstallMode="0"/>
<entry name="bin\windows\console.exe" shared="false" uninstallMode="0"/>
<entry name="bin\windows-x64\winhelper.dll" shared="false" uninstallMode="0"/>
<entry name="jre\lib\images\cursors\win32_LinkDrop32x32.gif" shared="false" uninstallMode="3"/>
<entry name="lib\jzlib-1.1.3.jar" shared="false" uninstallMode="0"/>
<entry name="api\javadoc\com\jprofiler\api\controller\TrackingOptions.html" shared="false" uninstallMode="0"/>
<entry name="demo\server\src\com\ejt\mock\jdbc\MockCallableStatement.java" shared="false" uninstallMode="0"/>
<entry name="lib\kotlin-stdlib-1.3.72.jar" shared="false" uninstallMode="0"/>
<entry name="jre\lib\i386\client\classes.jsa" shared="false" uninstallMode="0"/>
<entry name="jre\lib\sparc\server\classes.jsa" shared="false" uninstallMode="0"/>
<entry name="jre\lib\ext\jfxrt.jar" shared="false" uninstallMode="3"/>
<entry name=".install4j\i4j_extf_4_plfd3t.html" shared="false" uninstallMode="2"/>
<entry name="api\javadoc\resources\x.png" shared="false" uninstallMode="0"/>
<entry name="demo\jdbc\classes\jdbc\ServerWrapper.class" shared="false" uninstallMode="0"/>
<entry name="lib\eclipse\plugins\org.eclipse.equinox.common_3.10.200.v20181021-1645.jar" shared="false" uninstallMode="0"/>
<entry name="lib\commons-compress-1.4.1.jar" shared="false" uninstallMode="0"/>
<entry name="api\javadoc\com\jprofiler\api\platform\parameters\ThreadStatus.html" shared="false" uninstallMode="0"/>
<entry name="jre\lib\fonts\DroidSerif-Italic.ttf" shared="false" uninstallMode="3"/>
<entry name="api\javadoc\com\jprofiler\api\platform\util\SignatureParser.html" shared="false" uninstallMode="0"/>
<entry name="jre\lib\sparc\client\classes.jsa" shared="false" uninstallMode="0"/>
<entry name="api\javadoc\stylesheet.css" shared="false" uninstallMode="0"/>
<entry name="lib\eclipse\plugins\org.eclipse.core.jobs_3.10.200.v20180912-1356.jar" shared="false" uninstallMode="0"/>
<entry name="jre\lib\cmm\CIEXYZ.pf" shared="false" uninstallMode="3"/>
<entry name="demo\mandelbrot\classes\mandelbrot\Mandelbrot$ImagePanel$1.class" shared="false" uninstallMode="0"/>
<entry name="bin\options\mac.options" shared="false" uninstallMode="0"/>
<entry name="api\javadoc\com\jprofiler\api\agent\mbean\package-summary.html" shared="false" uninstallMode="0"/>
<entry name="api\javadoc\com\jprofiler\api\agent\package-tree.html" shared="false" uninstallMode="0"/>
<entry name="demo\server\classes\com\ejt\demo\server\handlers\JdbcJobHandler.class" shared="false" uninstallMode="0"/>
<entry name="api\javadoc\jquery\jszip-utils\dist\jszip-utils.min.js" shared="false" uninstallMode="0"/>
<entry name="api\javadoc\com\jprofiler\api\controller\ProbeValueType.html" shared="false" uninstallMode="0"/>
<entry name="jre\lib\fonts\FiraCode-Retina.ttf" shared="false" uninstallMode="3"/>
<entry name="api\javadoc\jquery\images\ui-icons_cd0a0a_256x240.png" shared="false" uninstallMode="0"/>
<entry name="bin\helper\jphelper.exe" shared="false" uninstallMode="0"/>
<entry name="api\javadoc\com\jprofiler\api\agent\HttpUtil.html" shared="false" uninstallMode="0"/>
<entry name="config\config.ini" shared="false" uninstallMode="0"/>
<entry name="demo\jdbc\src\jdbc\ServerWrapper.java" shared="false" uninstallMode="0"/>
<entry name="demo\server\classes\com\ejt\demo\server\mbean\StandardTestMBean.class" shared="false" uninstallMode="0"/>
<entry name="lib\eclipse\plugins\org.eclipse.ant.core_3.5.200.v20180822-0553.jar" shared="false" uninstallMode="0"/>
<entry name="jre\bin\api-ms-win-core-sysinfo-l1-1-0.dll" shared="false" uninstallMode="3"/>
<entry name="api\javadoc\script.js" shared="false" uninstallMode="0"/>
<entry name="api\samples\simple-embedded-probe\src\main\java\internal\MockHelper.java" shared="false" uninstallMode="0"/>
<entry name="demo\server\src\com\ejt\mock\jms\MockMessage.java" shared="false" uninstallMode="0"/>
<entry name="jre\bin\api-ms-win-core-util-l1-1-0.dll" shared="false" uninstallMode="3"/>
<entry name="jre\bin\sunmscapi.dll" shared="false" uninstallMode="3"/>
<entry name="jre\lib\fontconfig.properties.src" shared="false" uninstallMode="3"/>
<entry name="demo\server\classes\com\ejt\demo\server\mbean\Test.class" shared="false" uninstallMode="0"/>
<entry name="jre\bin\rmiregistry.exe" shared="false" uninstallMode="3"/>
<entry name="demo\bezier\classes\bezier\BezierAnim$DemoControls.class" shared="false" uninstallMode="0"/>
<entry name="lib\api\script.jar" shared="false" uninstallMode="0"/>
<entry name="api\javadoc\package-search-index.zip" shared="false" uninstallMode="0"/>
<entry name="api\samples\offline\src\main\java\TestProgram.java" shared="false" uninstallMode="0"/>
<entry name="api\javadoc\jquery\jquery-ui.js" shared="false" uninstallMode="0"/>
<entry name="config\help.xml" shared="false" uninstallMode="0"/>
<entry name="demo\jdbc\classes\jdbc\JdbcTestWorker.class" shared="false" uninstallMode="0"/>
<entry name="lib\minlog-1.3.0.jar" shared="false" uninstallMode="0"/>
<entry name="jre\bin\server\Xusage.txt" shared="false" uninstallMode="3"/>
<entry name="jre\bin\w2k_lsa_auth.dll" shared="false" uninstallMode="3"/>
<entry name="api\javadoc\com\jprofiler\api\probe\injected\telemetry\TelemetryUnit.html" shared="false" uninstallMode="0"/>
<entry name="api\javadoc\com\jprofiler\api\platform\descriptors\PayloadDescriptor.html" shared="false" uninstallMode="0"/>
<entry name="jre\bin\server\classes.jsa" shared="false" uninstallMode="0"/>
<entry name="bin\jpcompare.vmoptions" shared="false" uninstallMode="3"/>
<entry name="jre\lib\fonts\SourceCodePro-Bold.ttf" shared="false" uninstallMode="3"/>
<entry name="api\javadoc\com\jprofiler\api\probe\embedded\telemetry\Telemetry.html" shared="false" uninstallMode="0"/>
<entry name="jre\bin\vcruntime140.dll" shared="false" uninstallMode="3"/>
<entry name="jre\bin\glass.dll" shared="false" uninstallMode="3"/>
<entry name="lib\attachProviders\attachProviderLinux.jar" shared="false" uninstallMode="0"/>
<entry name="api\javadoc\com\jprofiler\api\probe\injected\interception\InvocationType.html" shared="false" uninstallMode="0"/>
<entry name="jre\lib\fonts\FiraCode-Bold.ttf" shared="false" uninstallMode="3"/>
<entry name=".install4j\i4j_extf_12_plfd3t_18gg8kx@2x.png" shared="false" uninstallMode="2"/>
<entry name="api\javadoc\com\jprofiler\api\platform\descriptors\URLDescriptor.html" shared="false" uninstallMode="0"/>
<entry name="jre\lib\security\java.policy" shared="false" uninstallMode="3"/>
<entry name="api\javadoc\com\jprofiler\api\platform\descriptors\ArrayDescriptor.html" shared="false" uninstallMode="0"/>
<entry name="jre\bin\zip.dll" shared="false" uninstallMode="3"/>
<entry name="api\javadoc\com\jprofiler\api\controller\Controller.html" shared="false" uninstallMode="0"/>
<entry name="demo\server\classes\com\ejt\demo\server\DemoServer$1.class" shared="false" uninstallMode="0"/>
<entry name="demo\server\lib\jsp-api.jar" shared="false" uninstallMode="0"/>
<entry name="jre\lib\images\cursors\cursors.properties" shared="false" uninstallMode="3"/>
<entry name="api\javadoc\jquery\images\ui-icons_222222_256x240.png" shared="false" uninstallMode="0"/>
<entry name="api\javadoc\com\jprofiler\api\probe\injected\parameter\ExceptionValue.html" shared="false" uninstallMode="0"/>
<entry name="jre\lib\tzmappings" shared="false" uninstallMode="3"/>
<entry name="demo\server\src\com\ejt\mock\servlet\MockSession.java" shared="false" uninstallMode="0"/>
<entry name="demo\jdbc\classes\jdbc\ServerControllerFrame.class" shared="false" uninstallMode="0"/>
<entry name="api\samples\simple-embedded-probe\src\main\java\FactorialServerProbe.java" shared="false" uninstallMode="0"/>
<entry name="lib\eclipse\plugins\org.eclipse.core.contenttype_3.7.200.v20181107-1343.jar" shared="false" uninstallMode="0"/>
<entry name="demo\jdbc\classes\jdbc\CustomFunction.class" shared="false" uninstallMode="0"/>
<entry name="demo\server\classes\com\ejt\demo\server\gui\ServerControlFrame$6.class" shared="false" uninstallMode="0"/>
<entry name=".install4j\i4j_extf_0_plfd3t.utf8" shared="false" uninstallMode="2"/>
<entry name="demo\server\src\com\ejt\mock\servlet\MockHttpServletRequest.java" shared="false" uninstallMode="0"/>
<entry name="lib\eclipse\plugins\org.eclipse.jdt.launching_3.12.0.v20181119-1621.jar" shared="false" uninstallMode="0"/>
<entry name="demo\server\classes\com\ejt\demo\server\test\OneRequestRoundDemoServer.class" shared="false" uninstallMode="0"/>
<entry name="demo\sort\classes\sort\Comparison.class" shared="false" uninstallMode="0"/>
<entry name="jre\lib\ext\access-bridge-64.jar" shared="false" uninstallMode="3"/>
<entry name="jre\lib\jvm.hprof.txt" shared="false" uninstallMode="3"/>
<entry name="jre\bin\client\classes.jsa" shared="false" uninstallMode="0"/>
<entry name="api\javadoc\allpackages-index.html" shared="false" uninstallMode="0"/>
<entry name="jre\bin\api-ms-win-core-file-l1-2-0.dll" shared="false" uninstallMode="3"/>
<entry name="lib\eclipse\plugins\org.eclipse.jdt.debug_3.12.100.v20181116-1959\.api_description" shared="false" uninstallMode="0"/>
<entry name="integrations\netbeans6-jprofiler.nbm" shared="false" uninstallMode="0"/>
<entry name="demo\server\classes\com\ejt\demo\server\gui\ServerControlFrame$5.class" shared="false" uninstallMode="0"/>
<entry name="demo\server\classes\com\ejt\mock\jms\MockMessage$1.class" shared="false" uninstallMode="0"/>
<entry name="demo\server\classes\com\ejt\mock\jpa\MockEntityManager$1.class" shared="false" uninstallMode="0"/>
<entry name="api\javadoc\com\jprofiler\api\probe\embedded\package-tree.html" shared="false" uninstallMode="0"/>
<entry name="demo\server\classes\com\ejt\demo\server\entities\Order.class" shared="false" uninstallMode="0"/>
<entry name="api\javadoc\com\jprofiler\api\probe\injected\telemetry\package-summary.html" shared="false" uninstallMode="0"/>
<entry name="jre\lib\security\policy\unlimited\local_policy.jar" shared="false" uninstallMode="3"/>
<entry name="uninstall.exe" shared="false" uninstallMode="0"/>
<entry name="jre\bin\api-ms-win-crt-filesystem-l1-1-0.dll" shared="false" uninstallMode="3"/>
<entry name="api\javadoc\com\jprofiler\api\probe\embedded\telemetry\TelemetryUnit.html" shared="false" uninstallMode="0"/>
<entry name="license.html" shared="false" uninstallMode="0"/>
<entry name="jre\bin\api-ms-win-core-libraryloader-l1-1-0.dll" shared="false" uninstallMode="3"/>
<entry name="api\javadoc\com\jprofiler\api\platform\parameters\package-tree.html" shared="false" uninstallMode="0"/>
<entry name="jre\lib\fonts\DroidSansMono.ttf" shared="false" uninstallMode="3"/>
<entry name="jre\lib\fonts\Roboto-Light.ttf" shared="false" uninstallMode="3"/>
<entry name="api\javadoc\com\jprofiler\api\probe\injected\telemetry\Telemetry.html" shared="false" uninstallMode="0"/>
<entry name="api\javadoc\jquery\images\ui-bg_glass_95_fef1ec_1x400.png" shared="false" uninstallMode="0"/>
<entry name="jre\lib\ext\cldrdata.jar" shared="false" uninstallMode="3"/>
<entry name="jre\bin\api-ms-win-crt-locale-l1-1-0.dll" shared="false" uninstallMode="3"/>
<entry name="demo\server\classes\com\ejt\demo\server\controls\SimulatorControl.class" shared="false" uninstallMode="0"/>
<entry name=".install4j\i4j_extf_2_plfd3t_1u8i2ka.png" shared="false" uninstallMode="2"/>
<entry name="jre\lib\meta-index" shared="false" uninstallMode="3"/>
<entry name="jre\lib\security\policy\limited\US_export_policy.jar" shared="false" uninstallMode="3"/>
<entry name="lib\xmlgraphics-commons-2.2.jar" shared="false" uninstallMode="0"/>
<entry name="jre\bin\api-ms-win-crt-time-l1-1-0.dll" shared="false" uninstallMode="3"/>
<entry name="jre\bin\awt.dll" shared="false" uninstallMode="3"/>
<entry name="api\samples\advanced-embedded-probe\src\main\java\FactorialServer.java" shared="false" uninstallMode="0"/>
<entry name="jre\bin\api-ms-win-core-processenvironment-l1-1-0.dll" shared="false" uninstallMode="3"/>
<entry name="lib\xz-1.0.jar" shared="false" uninstallMode="0"/>
<entry name="lib\kotlin-stdlib-jdk7-1.3.72.jar" shared="false" uninstallMode="0"/>
<entry name="jre\bin\api-ms-win-core-interlocked-l1-1-0.dll" shared="false" uninstallMode="3"/>
<entry name="demo\server\classes\com\ejt\mock\jms\MockMessage.class" shared="false" uninstallMode="0"/>
<entry name="api\javadoc\com\jprofiler\api\probe\embedded\PayloadProbe.html" shared="false" uninstallMode="0"/>
<entry name="api\javadoc\com\jprofiler\api\probe\injected\parameter\DeclaringClass.html" shared="false" uninstallMode="0"/>
<entry name="demo\jdbc\classes\jdbc\db\test.script" shared="false" uninstallMode="0"/>
<entry name=".install4j\i4j_extf_12_plfd3t_18gg8kx.png" shared="false" uninstallMode="2"/>
<entry name=".install4j\i4j_extf_3_plfd3t_u9lgq5@2x.png" shared="false" uninstallMode="2"/>
<entry name="jre\bin\api-ms-win-crt-math-l1-1-0.dll" shared="false" uninstallMode="3"/>
<entry name="jre\bin\freetype.dll" shared="false" uninstallMode="3"/>
<entry name="api\samples\advanced-embedded-probe\src\test\java\FactorialServerLoadTest.java" shared="false" uninstallMode="0"/>
<entry name="demo\mandelbrot\classes\mandelbrot\Mandelbrot.class" shared="false" uninstallMode="0"/>
<entry name="lib\core-3.1.0.jar" shared="false" uninstallMode="0"/>
<entry name="lib\jool-0.9.12.jar" shared="false" uninstallMode="0"/>
<entry name="lib\slf4j-api-1.7.28.jar" shared="false" uninstallMode="0"/>
<entry name="demo\server\classes\com\ejt\mock\servlet\MockServletRequest.class" shared="false" uninstallMode="0"/>
<entry name="lib\eclipse\plugins\org.eclipse.core.filesystem_1.7.200.v20180828-0158.jar" shared="false" uninstallMode="0"/>
<entry name="api\javadoc\member-search-index.zip" shared="false" uninstallMode="0"/>
<entry name="jre\lib\ext\sunec.jar" shared="false" uninstallMode="3"/>
<entry name="bin\options\win.options" shared="false" uninstallMode="0"/>
<entry name="lib\macosDeployPatch.jar" shared="false" uninstallMode="0"/>
<entry name="demo\server\src\com\ejt\demo\server\handlers\HandlerHelper.java" shared="false" uninstallMode="0"/>
<entry name=".install4j\i4j_extf_2_plfd3t_1u8i2ka@2x.png" shared="false" uninstallMode="2"/>
<entry name="jre\bin\jdwp.dll" shared="false" uninstallMode="3"/>
<entry name="jre\lib\tzdb.dat" shared="false" uninstallMode="3"/>
<entry name="demo\server\classes\com\ejt\demo\server\gui\ServerControlFrame$3.class" shared="false" uninstallMode="0"/>
<entry name="jre\lib\sound.properties" shared="false" uninstallMode="3"/>
<entry name="api\javadoc\com\jprofiler\api\platform\data\AllocationHotspots.html" shared="false" uninstallMode="0"/>
<entry name="api\javadoc\overview-tree.html" shared="false" uninstallMode="0"/>
<entry name="demo\server\src\com\ejt\demo\server\DemoInitialContextFactory.java" shared="false" uninstallMode="0"/>
<entry name="api\samples\gradlew" shared="false" uninstallMode="0"/>
<entry name="jre\bin\java.exe" shared="false" uninstallMode="3"/>
<entry name="api\javadoc\jquery\jquery-3.3.1.js" shared="false" uninstallMode="0"/>
<entry name="api\javadoc\com\jprofiler\api\platform\descriptors\package-summary.html" shared="false" uninstallMode="0"/>
<entry name="api\jprofiler-mbean.jar" shared="false" uninstallMode="0"/>
<entry name="api\samples\advanced-injected-probe\src\main\java\AdvancedAwtEventProbe.java" shared="false" uninstallMode="0"/>
<entry name=".install4j\autoUninstall.1" shared="false" uninstallMode="0"/>
<entry name="jre\lib\security\blacklisted.certs" shared="false" uninstallMode="3"/>
<entry name="api\javadoc\com\jprofiler\api\platform\data\package-tree.html" shared="false" uninstallMode="0"/>
<entry name="demo\server\classes\com\ejt\demo\server\handlers\DemoHttpServer$2.class" shared="false" uninstallMode="0"/>
<entry name="jre\bin\ktab.exe" shared="false" uninstallMode="3"/>
<entry name="jre\lib\amd64\jvm.cfg" shared="false" uninstallMode="3"/>
<entry name="lib\eclipse\plugins\org.eclipse.core.expressions_3.6.200.v20180817-1401.jar" shared="false" uninstallMode="0"/>
<entry name="integrations\jdeveloper1013-jprofiler.zip" shared="false" uninstallMode="0"/>
<entry name="demo\sort\src\sort\Algorithms.java" shared="false" uninstallMode="0"/>
<entry name="jre\bin\splashscreen.dll" shared="false" uninstallMode="3"/>
<entry name="api\javadoc\com\jprofiler\api\probe\injected\interception\MethodSpec.html" shared="false" uninstallMode="0"/>
<entry name="jre\lib\javafx.properties" shared="false" uninstallMode="3"/>
<entry name="bin\options\ui.options" shared="false" uninstallMode="0"/>
<entry name="lib\eclipse\plugins\org.eclipse.osgi_3.13.200.v20181130-2106.jar" shared="false" uninstallMode="0"/>
<entry name="jre\bin\api-ms-win-core-synch-l1-2-0.dll" shared="false" uninstallMode="3"/>
<entry name="jre\lib\fonts\DroidSerif-Regular.ttf" shared="false" uninstallMode="3"/>
<entry name="api\javadoc\com\jprofiler\api\probe\injected\parameter\ThisValue.html" shared="false" uninstallMode="0"/>
<entry name="lib\commons-math-2.2.jar" shared="false" uninstallMode="0"/>
<entry name="jre\bin\prism_common.dll" shared="false" uninstallMode="3"/>
<entry name="license.txt" shared="false" uninstallMode="0"/>
<entry name="jre\bin\rmid.exe" shared="false" uninstallMode="3"/>
<entry name="api\javadoc\com\jprofiler\api\platform\data\RecordedHeapUsage.html" shared="false" uninstallMode="0"/>
<entry name="demo\server\src\com\ejt\mock\jndi\MockContext.java" shared="false" uninstallMode="0"/>
<entry name="api\javadoc\com\jprofiler\api\probe\embedded\SplitProbe.html" shared="false" uninstallMode="0"/>
<entry name="api\javadoc\com\jprofiler\api\probe\injected\Probe.html" shared="false" uninstallMode="0"/>
<entry name="jre\bin\api-ms-win-core-memory-l1-1-0.dll" shared="false" uninstallMode="3"/>
<entry name="jre\bin\jfxwebkit.dll" shared="false" uninstallMode="3"/>
<entry name="api\javadoc\jquery\images\ui-bg_glass_65_dadada_1x400.png" shared="false" uninstallMode="0"/>
<entry name="demo\server\src\com\ejt\demo\server\mbean\StandardTestMBean.java" shared="false" uninstallMode="0"/>
<entry name="api\javadoc\index.html" shared="false" uninstallMode="0"/>
<entry name="lib\eclipse\epl-v10.html" shared="false" uninstallMode="0"/>
<entry name="lib\idea-laf.jar" shared="false" uninstallMode="0"/>
<entry name=".install4j\i4j_extf_10_plfd3t_1xth8wx.png" shared="false" uninstallMode="2"/>
<entry name="api\javadoc\jquery\images\ui-icons_454545_256x240.png" shared="false" uninstallMode="0"/>
<entry name="demo\server\classes\com\ejt\demo\server\controls\NoEventsSimulatorControl.class" shared="false" uninstallMode="0"/>
<entry name="api\javadoc\jquery\jquery-migrate-3.0.1.js" shared="false" uninstallMode="0"/>
<entry name="jre\lib\management\jmxremote.password.template" shared="false" uninstallMode="3"/>
<entry name="api\jprofiler-controller-sources.jar" shared="false" uninstallMode="0"/>
<entry name="api\samples\platform\src\main\java\TestProfiler.java" shared="false" uninstallMode="0"/>
<entry name="api\javadoc\com\jprofiler\api\probe\injected\parameter\ReturnValue.html" shared="false" uninstallMode="0"/>
<entry name="jre\bin\jfxmedia.dll" shared="false" uninstallMode="3"/>
<entry name="demo\server\classes\com\ejt\demo\server\controls\AdjustableSimulatorControl.class" shared="false" uninstallMode="0"/>
<entry name="demo\server\src\com\ejt\demo\server\handlers\DemoHttpServer.java" shared="false" uninstallMode="0"/>
<entry name="lib\batik-all-1.11.jar" shared="false" uninstallMode="0"/>
<entry name="api\javadoc\com\jprofiler\api\probe\embedded\telemetry\TelemetryFormat.html" shared="false" uninstallMode="0"/>
<entry name="demo\server\classes\com\ejt\demo\server\gui\ServerControlFrame$1.class" shared="false" uninstallMode="0"/>
<entry name="demo\server\classes\com\ejt\mock\jdbc\MockConnection.class" shared="false" uninstallMode="0"/>
<entry name="jre\bin\java.dll" shared="false" uninstallMode="3"/>
<entry name="jre\bin\management.dll" shared="false" uninstallMode="3"/>
<entry name="api\javadoc\jquery\images\ui-bg_glass_75_dadada_1x400.png" shared="false" uninstallMode="0"/>
<entry name="demo\server\classes\com\ejt\demo\server\handlers\HandlerHelper.class" shared="false" uninstallMode="0"/>
<entry name=".install4j\response.varfile" shared="false" uninstallMode="0"/>
<entry name="demo\sort\classes\sort\Algorithms.class" shared="false" uninstallMode="0"/>
<entry name="jre\bin\javafx_iio.dll" shared="false" uninstallMode="3"/>
<entry name="jre\lib\logging.properties" shared="false" uninstallMode="3"/>
<entry name=".install4j\i4j_extf_3_plfd3t_u9lgq5.png" shared="false" uninstallMode="2"/>
<entry name="demo\server\classes\com\ejt\demo\server\DemoServer.class" shared="false" uninstallMode="0"/>
<entry name="api\samples\advanced-embedded-probe\src\main\java\ThreadNameSplit.java" shared="false" uninstallMode="0"/>
<entry name="jre\bin\keytool.exe" shared="false" uninstallMode="3"/>
<entry name="api\javadoc\com\jprofiler\api\agent\ScriptContext.html" shared="false" uninstallMode="0"/>
<entry name="lib\animal-sniffer-annotations-1.14.jar" shared="false" uninstallMode="0"/>
<entry name="demo\server\src\com\ejt\demo\server\handlers\RequestHandler.java" shared="false" uninstallMode="0"/>
<entry name="api\javadoc\package-search-index.js" shared="false" uninstallMode="0"/>
<entry name=".install4j\i4j_extf_9_plfd3t_un9apv.png" shared="false" uninstallMode="2"/>
<entry name="api\javadoc\com\jprofiler\api\agent\mbean\RemoteControllerMBean.html" shared="false" uninstallMode="0"/>
<entry name=".install4j\i4j_extf_11_plfd3t_259ij1.png" shared="false" uninstallMode="2"/>
<entry name="api\javadoc\jquery\jszip-utils\dist\jszip-utils-ie.min.js" shared="false" uninstallMode="0"/>
<entry name="demo\server\lib\jms-api.jar" shared="false" uninstallMode="0"/>
<entry name=".install4j\bgupdater.exe" shared="false" uninstallMode="0"/>
<entry name="demo\server\classes\com\ejt\demo\server\controls\SimulatorControl$1.class" shared="false" uninstallMode="0"/>
<entry name="jre\bin\jsoundds.dll" shared="false" uninstallMode="3"/>
<entry name="bin\jpcompare.exe" shared="false" uninstallMode="0"/>
<entry name="api\javadoc\com\jprofiler\api\probe\injected\interception\package-tree.html" shared="false" uninstallMode="0"/>
<entry name="demo\server\classes\com\ejt\demo\server\handlers\DemoHttpServer$3.class" shared="false" uninstallMode="0"/>
<entry name="jre\bin\servertool.exe" shared="false" uninstallMode="3"/>
<entry name="api\samples\advanced-embedded-probe\src\main\java\FactorialCache.java" shared="false" uninstallMode="0"/>
<entry name="jre\bin\attach.dll" shared="false" uninstallMode="3"/>
<entry name="api\javadoc\com\jprofiler\api\platform\parameters\Liveness.html" shared="false" uninstallMode="0"/>
<entry name="jre\bin\orbd.exe" shared="false" uninstallMode="3"/>
<entry name="api\samples\advanced-injected-probe\src\main\java\AwtEventType.java" shared="false" uninstallMode="0"/>
<entry name="lib\kotlinx-coroutines-core-1.3.8.jar" shared="false" uninstallMode="0"/>
<entry name="bin\windows\consolew.exe" shared="false" uninstallMode="0"/>
<entry name="jre\THIRD_PARTY_README" shared="false" uninstallMode="3"/>
<entry name="api\javadoc\com\jprofiler\api\platform\structures\package-tree.html" shared="false" uninstallMode="0"/>
<entry name="demo\jdbc\lib\tomcat-juli.jar" shared="false" uninstallMode="0"/>
<entry name="demo\server\src\com\ejt\demo\server\controls\SimulatorControl.java" shared="false" uninstallMode="0"/>
<entry name="api\javadoc\com\jprofiler\api\platform\structures\Payload.html" shared="false" uninstallMode="0"/>
<entry name="lib\eclipse\plugins\org.eclipse.jdt.core_3.16.0.v20181130-1748.jar" shared="false" uninstallMode="0"/>
<entry name=".install4j\i4j_extf_1_plfd3t.utf8" shared="false" uninstallMode="2"/>
<entry name="jre\lib\fonts\SourceCodePro-Regular.ttf" shared="false" uninstallMode="3"/>
<entry name="jre\bin\api-ms-win-core-namedpipe-l1-1-0.dll" shared="false" uninstallMode="3"/>
<entry name="api\javadoc\com\jprofiler\api\probe\injected\interception\AdditionalInterception.html" shared="false" uninstallMode="0"/>
<entry name="jre\lib\images\cursors\win32_LinkNoDrop32x32.gif" shared="false" uninstallMode="3"/>
<entry name="api\javadoc\jquery\jquery-ui.css" shared="false" uninstallMode="0"/>
<entry name="lib\eclipse\plugins\org.eclipse.equinox.registry_3.8.200.v20181008-1820.jar" shared="false" uninstallMode="0"/>
<entry name="jre\lib\content-types.properties" shared="false" uninstallMode="3"/>
<entry name="lib\miglayout-swing-4.2.jar" shared="false" uninstallMode="0"/>
<entry name="jre\bin\concrt140.dll" shared="false" uninstallMode="3"/>
<entry name="api\javadoc\type-search-index.js" shared="false" uninstallMode="0"/>
<entry name="demo\server\src\com\ejt\mock\MockHelper.java" shared="false" uninstallMode="0"/>
<entry name="demo\server\src\com\ejt\mock\jdbc\MockConnection.java" shared="false" uninstallMode="0"/>
<entry name="demo\jdbc\src\jdbc\JdbcTestWorker.java" shared="false" uninstallMode="0"/>
<entry name="api\samples\advanced-embedded-probe\src\main\java\FactorialCacheConnection.java" shared="false" uninstallMode="0"/>
<entry name="api\samples\platform\app\src\main\java\LoadFactorProbe.java" shared="false" uninstallMode="0"/>
<entry name=".install4j\i4j_extf_8_plfd3t_vd2dea.png" shared="false" uninstallMode="2"/>
<entry name="jre\bin\api-ms-win-crt-process-l1-1-0.dll" shared="false" uninstallMode="3"/>
<entry name="jre\bin\verify.dll" shared="false" uninstallMode="3"/>
<entry name="demo\sort\classes\sort\Comparison$Data.class" shared="false" uninstallMode="0"/>
<entry name="api\javadoc\allclasses.html" shared="false" uninstallMode="0"/>
<entry name="demo\server\classes\com\ejt\mock\servlet\MockHttpServletRequest.class" shared="false" uninstallMode="0"/>
<entry name="api\samples\simple-embedded-probe\build.gradle" shared="false" uninstallMode="0"/>
<entry name="jre\bin\net.dll" shared="false" uninstallMode="3"/>
<entry name="api\samples\platform\app\src\main\java\LoadFactorTest.java" shared="false" uninstallMode="0"/>
<entry name="api\samples\settings.gradle" shared="false" uninstallMode="0"/>
<entry name="lib\alloy.jar" shared="false" uninstallMode="0"/>
<entry name="demo\jdbc\classes\jdbc\ServerWrapper$MyInitialContextFactory.class" shared="false" uninstallMode="0"/>
<entry name="api\samples\gradlew.bat" shared="false" uninstallMode="0"/>
<entry name="lib\eclipse\plugins\org.eclipse.core.filesystem.macosx_1.3.100.v20180828-0158.jar" shared="false" uninstallMode="0"/>
<entry name="api\javadoc\jquery\jquery-ui.structure.min.css" shared="false" uninstallMode="0"/>
<entry name="api\samples\advanced-embedded-probe\src\main\java\FactorialServerProbe.java" shared="false" uninstallMode="0"/>
<entry name="bin\attach.jar" shared="false" uninstallMode="0"/>
<entry name="demo\server\classes\com\ejt\demo\server\handlers\JmsHandler$JmsType.class" shared="false" uninstallMode="0"/>
<entry name="demo\server\src\com\ejt\demo\server\mbean\TestMXBean.java" shared="false" uninstallMode="0"/>
<entry name="bin\jprofiler.jar" shared="false" uninstallMode="0"/>
<entry name="demo\jdbc\classes\jdbc\JdbcDemo.class" shared="false" uninstallMode="0"/>
<entry name="jre\bin\jpeg.dll" shared="false" uninstallMode="3"/>
<entry name=".install4j\i4jdel.exe" shared="false" uninstallMode="0"/>
<entry name="demo\bezier\classes\bezier\BezierAnim$DemoControls$PaintedIcon.class" shared="false" uninstallMode="0"/>
<entry name="bin\jprofiler.exe" shared="false" uninstallMode="0"/>
<entry name="C:\ProgramData\Microsoft\Windows\Start Menu\Programs\JProfiler 11\JProfiler on the Web.url" shared="false" uninstallMode="2"/>
<entry name="jre\bin\prism_sw.dll" shared="false" uninstallMode="3"/>
<entry name="bin\windows\winhelper.dll" shared="false" uninstallMode="0"/>
<entry name="jre\lib\net.properties" shared="false" uninstallMode="3"/>
<entry name="api\javadoc\com\jprofiler\api\platform\data\ProbeInfo.html" shared="false" uninstallMode="0"/>
<entry name="api\javadoc\com\jprofiler\api\probe\injected\telemetry\package-tree.html" shared="false" uninstallMode="0"/>
<entry name="jre\bin\jabswitch.exe" shared="false" uninstallMode="3"/>
<entry name="jre\lib\fonts\DroidSans-Bold.ttf" shared="false" uninstallMode="3"/>
<entry name="api\javadoc\constant-values.html" shared="false" uninstallMode="0"/>
<entry name="demo\server\classes\com\ejt\mock\jdbc\MockCallableStatement.class" shared="false" uninstallMode="0"/>
<entry name="jre\bin\pack200.exe" shared="false" uninstallMode="3"/>
<entry name=".install4j\install.prop" shared="false" uninstallMode="0"/>
<entry name="demo\server\src\com\ejt\mock\jpa\MockTypedQuery.java" shared="false" uninstallMode="0"/>
<entry name="demo\server\classes\com\ejt\demo\server\controls\SimulatorControl$2.class" shared="false" uninstallMode="0"/>
<entry name="lib\jargs-1.0.jar" shared="false" uninstallMode="0"/>
<entry name="demo\jdbc\src\jdbc\ServerControllerFrame.java" shared="false" uninstallMode="0"/>
<entry name="jre\lib\ext\meta-index" shared="false" uninstallMode="3"/>
<entry name="demo\server\classes\com\ejt\demo\server\test\RemoteDemoServer.class" shared="false" uninstallMode="0"/>
<entry name="demo\server\lib\servlet-api.jar" shared="false" uninstallMode="0"/>
<entry name="jre\lib\security\java.security" shared="false" uninstallMode="3"/>
<entry name="demo\mandelbrot\classes\mandelbrot\Mandelbrot$1.class" shared="false" uninstallMode="0"/>
<entry name="demo\server\src\com\ejt\demo\server\test\TestDemoServer.java" shared="false" uninstallMode="0"/>
<entry name="lib\jdom2-2.0.6.jar" shared="false" uninstallMode="0"/>
<entry name="demo\server\classes\com\ejt\mock\jdbc\MockDataSource.class" shared="false" uninstallMode="0"/>
<entry name="lib\eclipse\plugins\org.eclipse.jdt.debug_3.12.100.v20181116-1959\.options" shared="false" uninstallMode="0"/>
<entry name="jre\bin\jjs.exe" shared="false" uninstallMode="3"/>
<entry name="demo\server\classes\com\ejt\mock\servlet\MockServlet.class" shared="false" uninstallMode="0"/>
<entry name="jre\lib\fonts\DroidSerif-BoldItalic.ttf" shared="false" uninstallMode="3"/>
<entry name="lib\annotations-13.0.jar" shared="false" uninstallMode="0"/>
<entry name="jre\lib\images\cursors\win32_MoveNoDrop32x32.gif" shared="false" uninstallMode="3"/>
<entry name="jre\bin\glib-lite.dll" shared="false" uninstallMode="3"/>
<entry name="demo\jdbc\lib\tomcat-jdbc.jar" shared="false" uninstallMode="0"/>
<entry name="demo\server\classes\com\ejt\demo\server\handlers\RmiHandlerImpl.class" shared="false" uninstallMode="0"/>
<entry name="lib\kotlinx.dom-0.0.10.jar" shared="false" uninstallMode="0"/>
<entry name="demo\server\src\com\ejt\demo\server\gui\GuiDemoServer.java" shared="false" uninstallMode="0"/>
<entry name="api\javadoc\com\jprofiler\api\probe\embedded\package-summary.html" shared="false" uninstallMode="0"/>
<entry name="api\javadoc\com\jprofiler\api\platform\parameters\ArrayType.html" shared="false" uninstallMode="0"/>
<entry name="jre\bin\klist.exe" shared="false" uninstallMode="3"/>
<entry name="demo\bezier\classes\bezier\BezierAnim.class" shared="false" uninstallMode="0"/>
<entry name="jre\lib\calendars.properties" shared="false" uninstallMode="3"/>
<entry name="api\javadoc\com\jprofiler\api\platform\data\package-summary.html" shared="false" uninstallMode="0"/>
<entry name="api\samples\advanced-embedded-probe\build.gradle" shared="false" uninstallMode="0"/>
<entry name="jre\bin\api-ms-win-core-errorhandling-l1-1-0.dll" shared="false" uninstallMode="3"/>
<entry name="bin\jprofiler.vmoptions" shared="false" uninstallMode="3"/>
<entry name="lib\checker-qual-2.0.0.jar" shared="false" uninstallMode="0"/>
<entry name="demo\jdbc\classes\jdbc\ServerWrapper$MyInitialContextFactory$1.class" shared="false" uninstallMode="0"/>
<entry name="jre\ASSEMBLY_EXCEPTION" shared="false" uninstallMode="3"/>
<entry name="api\javadoc\jquery\jszip\dist\jszip.min.js" shared="false" uninstallMode="0"/>
<entry name="lib\bcpkix-jdk15on-1.66.jar" shared="false" uninstallMode="0"/>
<entry name="jre\bin\javafx_font.dll" shared="false" uninstallMode="3"/>
<entry name="api\javadoc\com\jprofiler\api\platform\descriptors\MethodDescriptor.html" shared="false" uninstallMode="0"/>
<entry name="lib\common-7.1.0-SNAPSHOT.jar" shared="false" uninstallMode="0"/>
<entry name="api\javadoc\com\jprofiler\api\probe\injected\Payload.html" shared="false" uninstallMode="0"/>
<entry name="demo\server\classes\com\ejt\demo\server\handlers\JmsHandler.class" shared="false" uninstallMode="0"/>
<entry name="lib\slf4j-jdk14-1.7.28.jar" shared="false" uninstallMode="0"/>
<entry name="demo\server\src\com\ejt\demo\server\test\OneRequestRoundDemoServer.java" shared="false" uninstallMode="0"/>
<entry name="demo\mandelbrot\classes\mandelbrot\Mandelbrot$ImagePanel.class" shared="false" uninstallMode="0"/>
<entry name="README.html" shared="false" uninstallMode="0"/>
<entry name="jre\bin\api-ms-win-core-processthreads-l1-1-1.dll" shared="false" uninstallMode="3"/>
<entry name="api\samples\common\jprofiler_config.xml" shared="false" uninstallMode="0"/>
<entry name="integrations\eclipse42-jprofiler.zip" shared="false" uninstallMode="0"/>
<entry name="demo\server\classes\com\ejt\demo\server\SimulatorType.class" shared="false" uninstallMode="0"/>
<entry name="jre\lib\ext\dnsns.jar" shared="false" uninstallMode="3"/>
<entry name="api\jprofiler-controller.jar" shared="false" uninstallMode="0"/>
<entry name="jre\bin\server\jvm.dll" shared="false" uninstallMode="3"/>
<entry name=".install4j\setup.exe" shared="false" uninstallMode="0"/>
<entry name="jre\bin\j2pkcs11.dll" shared="false" uninstallMode="3"/>
<entry name="lib\eclipse\plugins\com.ejt.codeeditor_1.1.0.jar" shared="false" uninstallMode="0"/>
<entry name="demo\server\src\com\ejt\demo\server\SimulatorType.java" shared="false" uninstallMode="0"/>
<entry name="api\javadoc\com\jprofiler\api\probe\embedded\TypeCustomizer.html" shared="false" uninstallMode="0"/>
<entry name="jre\bin\sunec.dll" shared="false" uninstallMode="3"/>
<entry name="api\samples\advanced-embedded-probe\src\main\java\FactorialCacheConnectionPool.java" shared="false" uninstallMode="0"/>
<entry name="lib\jclasslib-data-5.3.2.jar" shared="false" uninstallMode="0"/>
<entry name="api\javadoc\jquery\images\ui-icons_888888_256x240.png" shared="false" uninstallMode="0"/>
<entry name="bin\agent.jar" shared="false" uninstallMode="0"/>
<entry name="api\javadoc\com\jprofiler\api\platform\connection\ConnectionFactory.html" shared="false" uninstallMode="0"/>
<entry name="bin\windows-x64\jprofilerti.dll" shared="false" uninstallMode="0"/>
<entry name="api\javadoc\com\jprofiler\api\agent\package-summary.html" shared="false" uninstallMode="0"/>
<entry name="jre\lib\accessibility.properties" shared="false" uninstallMode="3"/>
<entry name="lib\eclipse\plugins\org.eclipse.jdt.compiler.tool_1.2.400.v20181113-0926.jar" shared="false" uninstallMode="0"/>
<entry name="demo\jdbc\src\jdbc\CustomFunction.java" shared="false" uninstallMode="0"/>
<entry name="api\jprofiler-probe-embedded.jar" shared="false" uninstallMode="0"/>
<entry name="demo\bezier\classes\bezier\BezierAnim$1.class" shared="false" uninstallMode="0"/>
<entry name="demo\server\classes\com\ejt\demo\server\DemoServer$3.class" shared="false" uninstallMode="0"/>
<entry name="jre\bin\unpack.dll" shared="false" uninstallMode="3"/>
<entry name="api\javadoc\com\jprofiler\api\platform\structures\ProfilingValue.html" shared="false" uninstallMode="0"/>
<entry name="jre\bin\kinit.exe" shared="false" uninstallMode="3"/>
<entry name="bin\windows\jprofilerti.dll" shared="false" uninstallMode="0"/>
<entry name="demo\server\src\com\ejt\demo\server\test\RemoteDemoServer.java" shared="false" uninstallMode="0"/>
<entry name="jre\bin\api-ms-win-crt-utility-l1-1-0.dll" shared="false" uninstallMode="3"/>
<entry name="demo\server\src\com\ejt\demo\server\controls\RunOncePerThreadSimulatorControl.java" shared="false" uninstallMode="0"/>
<entry name="api\javadoc\resources\glass.png" shared="false" uninstallMode="0"/>
<entry name="demo\bezier\classes\bezier\BezierAnim$Demo$1.class" shared="false" uninstallMode="0"/>
<entry name="demo\server\classes\com\ejt\demo\server\mbean\NestedTestData.class" shared="false" uninstallMode="0"/>
<entry name="api\javadoc\com\jprofiler\api\probe\injected\TypeCustomizer.html" shared="false" uninstallMode="0"/>
<entry name="api\samples\advanced-embedded-probe\src\main\java\CacheOperationType.java" shared="false" uninstallMode="0"/>
<entry name="api\javadoc\com\jprofiler\api\platform\connection\package-summary.html" shared="false" uninstallMode="0"/>
<entry name="jre\bin\nio.dll" shared="false" uninstallMode="3"/>
<entry name="lib\probe\javax.servlet-api-3.1.0.jar" shared="false" uninstallMode="0"/>
<entry name="jre\bin\jli.dll" shared="false" uninstallMode="3"/>
<entry name="jre\bin\api-ms-win-core-debug-l1-1-0.dll" shared="false" uninstallMode="3"/>
<entry name="lib\eclipse\plugins\org.eclipse.jdt.debug_3.12.100.v20181116-1959\plugin.xml" shared="false" uninstallMode="0"/>
<entry name=".install4j\i4jruntime.jar" shared="false" uninstallMode="2"/>
<entry name="jre\bin\decora_sse.dll" shared="false" uninstallMode="3"/>
<entry name="demo\server\classes\com\ejt\demo\server\gui\ServerControlFrame.class" shared="false" uninstallMode="0"/>
<entry name="demo\server\classes\com\ejt\mock\jdbc\MockDataSource$1.class" shared="false" uninstallMode="0"/>
<entry name="bin\jpintegrate.exe" shared="false" uninstallMode="0"/>
<entry name="jre\release" shared="false" uninstallMode="3"/>
<entry name="demo\server\classes\com\ejt\demo\server\controls\RunOnceSimulatorControl.class" shared="false" uninstallMode="0"/>
<entry name="demo\server\classes\com\ejt\mock\jdbc\MockMetaData.class" shared="false" uninstallMode="0"/>
<entry name="jre\lib\management\jmxremote.access" shared="false" uninstallMode="3"/>
<entry name="demo\server\src\com\ejt\mock\MockCallable.java" shared="false" uninstallMode="0"/>
<entry name="api\javadoc\jquery\images\ui-bg_glass_75_e6e6e6_1x400.png" shared="false" uninstallMode="0"/>
<entry name="lib\annotations-java5-16.0.2.jar" shared="false" uninstallMode="0"/>
<entry name="C:\Users\Public\Desktop\JProfiler.lnk" shared="false" uninstallMode="2"/>
<entry name="demo\server\src\com\ejt\demo\server\entities\Customer.java" shared="false" uninstallMode="0"/>
<entry name="lib\attachProviders\attachProviderMacos.jar" shared="false" uninstallMode="0"/>
<entry name="bin\windows\attach.dll" shared="false" uninstallMode="0"/>
<entry name="bin\helper\jpchromehost.exe" shared="false" uninstallMode="0"/>
<entry name="api\javadoc\com\jprofiler\api\probe\injected\interception\package-summary.html" shared="false" uninstallMode="0"/>
<entry name="api\javadoc\jquery\jquery-ui.min.css" shared="false" uninstallMode="0"/>
<entry name="jre\bin\prism_d3d.dll" shared="false" uninstallMode="3"/>
<entry name="api\samples\build.gradle" shared="false" uninstallMode="0"/>
<entry name="lib\j2objc-annotations-1.1.jar" shared="false" uninstallMode="0"/>
<entry name="api\samples\mbean\src\main\java\MBeanProgrammaticAccessExample.java" shared="false" uninstallMode="0"/>
<entry name="integrations\com.jprofiler.eclipse.integrations.feature.jar" shared="false" uninstallMode="0"/>
<entry name="lib\reflectasm-1.11.3.jar" shared="false" uninstallMode="0"/>
<entry name="jre\lib\images\cursors\win32_CopyDrop32x32.gif" shared="false" uninstallMode="3"/>
<entry name="jre\bin\fontmanager.dll" shared="false" uninstallMode="3"/>
<entry name="api\javadoc\com\jprofiler\api\probe\injected\parameter\Parameter.html" shared="false" uninstallMode="0"/>
<entry name="lib\eclipse\plugins\org.eclipse.text_3.8.0.v20180923-1636.jar" shared="false" uninstallMode="0"/>
<entry name="jre\lib\fonts\FiraCode-Medium.ttf" shared="false" uninstallMode="3"/>
<entry name="lib\sshj-0.29.0.jar" shared="false" uninstallMode="0"/>
<entry name="release" shared="false" uninstallMode="0"/>
<entry name="jre\bin\JavaAccessBridge-64.dll" shared="false" uninstallMode="3"/>
<entry name="api\javadoc\com\jprofiler\api\platform\descriptors\package-tree.html" shared="false" uninstallMode="0"/>
<entry name="demo\server\classes\com\ejt\demo\server\gui\ServerControlFrame$4.class" shared="false" uninstallMode="0"/>
<entry name="bin\windows\lcp.bat" shared="false" uninstallMode="0"/>
<entry name="jre\bin\api-ms-win-core-file-l1-1-0.dll" shared="false" uninstallMode="3"/>
<entry name="lib\eclipse\plugins\org.eclipse.team.core_3.8.400.v20181109-0825.jar" shared="false" uninstallMode="0"/>
<entry name="demo\server\classes\com\ejt\demo\server\handlers\RequestHandler.class" shared="false" uninstallMode="0"/>
<entry name="jre\lib\management-agent.jar" shared="false" uninstallMode="3"/>
<entry name="demo\server\src\com\ejt\demo\server\handlers\JmsHandler.java" shared="false" uninstallMode="0"/>
<entry name="jre\bin\api-ms-win-crt-runtime-l1-1-0.dll" shared="false" uninstallMode="3"/>
<entry name="lib\attachProviders\attachProviderSolaris.jar" shared="false" uninstallMode="0"/>
<entry name="demo\server\classes\com\ejt\demo\server\gui\ServerControlFrame$7.class" shared="false" uninstallMode="0"/>
<entry name="demo\server\classes\com\ejt\demo\server\DemoServer$2.class" shared="false" uninstallMode="0"/>
<entry name="lib\eclipse\plugins\org.eclipse.equinox.app_1.4.0.v20181009-1752.jar" shared="false" uninstallMode="0"/>
<entry name="demo\server\classes\com\ejt\demo\server\controls\RunOncePerThreadSimulatorControl.class" shared="false" uninstallMode="0"/>
<entry name=".install4j\i4j_extf_6_plfd3t_1sk22yy.ico" shared="false" uninstallMode="2"/>
<entry name="jre\bin\fxplugins.dll" shared="false" uninstallMode="3"/>
<entry name="api\samples\gradle\wrapper\gradle-wrapper.properties" shared="false" uninstallMode="0"/>
<entry name="lib\kotlin-reflect-1.3.72.jar" shared="false" uninstallMode="0"/>
<entry name="jre\bin\api-ms-win-crt-conio-l1-1-0.dll" shared="false" uninstallMode="3"/>
<entry name="lib\eclipse\plugins\org.eclipse.jdt.debug_3.12.100.v20181116-1959\jdi.jar" shared="false" uninstallMode="0"/>
<entry name="lib\attachTools.jar" shared="false" uninstallMode="0"/>
<entry name=".install4j\i4jparams.conf" shared="false" uninstallMode="2"/>
<entry name="jre\bin\sawindbg.dll" shared="false" uninstallMode="3"/>
<entry name="jre\lib\images\cursors\win32_CopyNoDrop32x32.gif" shared="false" uninstallMode="3"/>
<entry name="bin\jpanalyze.exe" shared="false" uninstallMode="0"/>
<entry name="jre\bin\java_crw_demo.dll" shared="false" uninstallMode="3"/>
<entry name="api\javadoc\com\jprofiler\api\platform\parameters\Aggregation.html" shared="false" uninstallMode="0"/>
<entry name="lib\commons-logging-1.0.4.jar" shared="false" uninstallMode="0"/>
<entry name="lib\kryo-4.0.2-ejt.jar" shared="false" uninstallMode="0"/>
<entry name="bin\jpcontroller.exe" shared="false" uninstallMode="0"/>
<entry name="jre\bin\api-ms-win-crt-multibyte-l1-1-0.dll" shared="false" uninstallMode="3"/>
<entry name="api\javadoc\jquery\external\jquery\jquery.js" shared="false" uninstallMode="0"/>
<entry name="jre\lib\resources.jar" shared="false" uninstallMode="3"/>
<entry name="lib\eclipse\plugins\org.eclipse.compare.core_3.6.300.v20180827-1041.jar" shared="false" uninstallMode="0"/>
<entry name="jre\lib\cmm\LINEAR_RGB.pf" shared="false" uninstallMode="3"/>
<entry name="demo\server\classes\com\ejt\demo\server\gui\GuiDemoServer.class" shared="false" uninstallMode="0"/>
<entry name="api\javadoc\com\jprofiler\api\platform\structures\package-summary.html" shared="false" uninstallMode="0"/>
<entry name="jre\lib\ext\sunjce_provider.jar" shared="false" uninstallMode="3"/>
<entry name="jre\lib\fonts\Inconsolata.ttf" shared="false" uninstallMode="3"/>
<entry name="demo\jdbc\src\jdbc\db\test.properties" shared="false" uninstallMode="0"/>
<entry name="lib\eclipse\plugins\org.eclipse.jdt.debug_3.12.100.v20181116-1959\about.html" shared="false" uninstallMode="0"/>
<entry name=".install4j\stats.properties" shared="false" uninstallMode="2"/>
<entry name=".install4j\inst_jre.cfg" shared="false" uninstallMode="0"/>
<entry name="jre\lib\images\cursors\invalid32x32.gif" shared="false" uninstallMode="3"/>
<entry name="lib\kotlin-stdlib-common-1.3.72.jar" shared="false" uninstallMode="0"/>
<entry name="jre\bin\java-rmi.exe" shared="false" uninstallMode="3"/>
<entry name="jre\lib\fontconfig.bfc" shared="false" uninstallMode="3"/>
<entry name="api\javadoc\help-doc.html" shared="false" uninstallMode="0"/>
<entry name="jre\bin\lcms.dll" shared="false" uninstallMode="3"/>
<entry name="jre\lib\ext\jaccess.jar" shared="false" uninstallMode="3"/>
<entry name="api\samples\gradle\wrapper\gradle-wrapper.jar" shared="false" uninstallMode="0"/>
<entry name="config\vendors.xml" shared="false" uninstallMode="0"/>
<entry name="demo\server\src\com\ejt\mock\servlet\MockServletRequest.java" shared="false" uninstallMode="0"/>
<entry name="jre\lib\i386\server\classes.jsa" shared="false" uninstallMode="0"/>
<entry name="lib\eddsa-0.3.0.jar" shared="false" uninstallMode="0"/>
<entry name="demo\server\classes\com\ejt\demo\server\gui\GuiDemoServer$1.class" shared="false" uninstallMode="0"/>
<entry name="jre\bin\JAWTAccessBridge-64.dll" shared="false" uninstallMode="3"/>
<entry name="demo\server\classes\com\ejt\demo\server\gui\GuiDemoServer$1$1.class" shared="false" uninstallMode="0"/>
<entry name="jre\lib\ext\nashorn.jar" shared="false" uninstallMode="3"/>
<entry name="api\javadoc\com\jprofiler\api\probe\injected\ThreadState.html" shared="false" uninstallMode="0"/>
<entry name="api\javadoc\type-search-index.zip" shared="false" uninstallMode="0"/>
<entry name="demo\server\classes\com\ejt\demo\server\mbean\StandardTest.class" shared="false" uninstallMode="0"/>
<entry name="bin\windows-x64\attach.dll" shared="false" uninstallMode="0"/>
<entry name="api\javadoc\com\jprofiler\api\platform\structures\HeapValue.html" shared="false" uninstallMode="0"/>
<entry name="bin\arguments.exe" shared="false" uninstallMode="0"/>
<entry name="demo\server\src\com\ejt\mock\jndi\MockInitialContextFactory.java" shared="false" uninstallMode="0"/>
<entry name=".install4j\installation.log" shared="false" uninstallMode="0"/>
<entry name="doc\JProfiler.pdf" shared="false" uninstallMode="0"/>
<entry name="jre\bin\api-ms-win-core-rtlsupport-l1-1-0.dll" shared="false" uninstallMode="3"/>
<entry name="lib\eclipse\plugins\org.eclipse.jdt.compiler.apt_1.3.400.v20181205-0900.jar" shared="false" uninstallMode="0"/>
<entry name="jre\bin\api-ms-win-core-localization-l1-2-0.dll" shared="false" uninstallMode="3"/>
<entry name="api\javadoc\allclasses-index.html" shared="false" uninstallMode="0"/>
<entry name="demo\server\src\com\ejt\mock\jdbc\MockMetaData.java" shared="false" uninstallMode="0"/>
<entry name="demo\server\lib\miglayout.jar" shared="false" uninstallMode="0"/>
<entry name="bin\options\base.options" shared="false" uninstallMode="0"/>
<entry name="demo\server\src\com\ejt\mock\jpa\MockEntityManager.java" shared="false" uninstallMode="0"/>
<entry name="api\javadoc\com\jprofiler\api\probe\embedded\Split.html" shared="false" uninstallMode="0"/>
<entry name="jre\bin\api-ms-win-core-string-l1-1-0.dll" shared="false" uninstallMode="3"/>
<entry name="api\samples\simple-embedded-probe\src\main\java\FactorialCacheProbe.java" shared="false" uninstallMode="0"/>
<entry name="demo\server\classes\com\ejt\mock\jndi\MockContext.class" shared="false" uninstallMode="0"/>
<entry name="jre\bin\javaw.exe" shared="false" uninstallMode="3"/>
<entry name="demo\server\classes\com\ejt\demo\server\handlers\DemoHttpServer$1.class" shared="false" uninstallMode="0"/>
<entry name="api\javadoc\jquery\jszip-utils\dist\jszip-utils.js" shared="false" uninstallMode="0"/>
<entry name="jre\lib\fonts\DroidSansMonoDotted.ttf" shared="false" uninstallMode="3"/>
<entry name="demo\server\classes\com\ejt\demo\server\ServerControl.class" shared="false" uninstallMode="0"/>
<entry name="api\javadoc\jquery\jquery-ui.structure.css" shared="false" uninstallMode="0"/>
<entry name="api\javadoc\com\jprofiler\api\controller\package-summary.html" shared="false" uninstallMode="0"/>
<entry name="demo\server\src\com\ejt\demo\helper\MultilineLabel.java" shared="false" uninstallMode="0"/>
<entry name="jre\lib\fonts\SourceCodePro-BoldIt.ttf" shared="false" uninstallMode="3"/>
<entry name="demo\server\classes\com\ejt\demo\server\test\TestDemoServer.class" shared="false" uninstallMode="0"/>
<entry name="jre\lib\jsse.jar" shared="false" uninstallMode="3"/>
<entry name="api\samples\simple-embedded-probe\src\test\java\FactorialServerLoadTest.java" shared="false" uninstallMode="0"/>
<entry name="jre\bin\jsdt.dll" shared="false" uninstallMode="3"/>
<entry name="jre\bin\WindowsAccessBridge-64.dll" shared="false" uninstallMode="3"/>
<entry name="jre\bin\jsound.dll" shared="false" uninstallMode="3"/>
<entry name="api\javadoc\com\jprofiler\api\platform\connection\Connection.html" shared="false" uninstallMode="0"/>
<entry name="api\samples\mbean\build.gradle" shared="false" uninstallMode="0"/>
<entry name="jre\lib\fonts\Roboto-Thin.ttf" shared="false" uninstallMode="3"/>
<entry name="api\javadoc\com\jprofiler\api\agent\mbean\package-tree.html" shared="false" uninstallMode="0"/>
<entry name="jre\lib\cmm\GRAY.pf" shared="false" uninstallMode="3"/>
<entry name="jre\lib\security\policy\unlimited\US_export_policy.jar" shared="false" uninstallMode="3"/>
<entry name="jre\bin\api-ms-win-crt-convert-l1-1-0.dll" shared="false" uninstallMode="3"/>
<entry name="demo\server\classes\com\ejt\mock\servlet\MockSession.class" shared="false" uninstallMode="0"/>
<entry name="bin\platform.jar" shared="false" uninstallMode="0"/>
<entry name="jre\lib\fonts\DroidSans.ttf" shared="false" uninstallMode="3"/>
<entry name="api\samples\advanced-embedded-probe\src\main\java\FactorialCacheProbe.java" shared="false" uninstallMode="0"/>
<entry name="jre\bin\api-ms-win-core-handle-l1-1-0.dll" shared="false" uninstallMode="3"/>
<entry name="jre\lib\ext\zipfs.jar" shared="false" uninstallMode="3"/>
<entry name="bin\jpenable.exe" shared="false" uninstallMode="0"/>
<entry name="api\javadoc\com\jprofiler\api\probe\embedded\telemetry\package-tree.html" shared="false" uninstallMode="0"/>
<entry name="jre\lib\jce.jar" shared="false" uninstallMode="3"/>
<entry name="jre\lib\fonts\DroidSerif-Bold.ttf" shared="false" uninstallMode="3"/>
<entry name="demo\server\src\com\ejt\mock\jdbc\MockStatement.java" shared="false" uninstallMode="0"/>
<entry name="lib\eclipse\plugins\javax.inject_1.0.0.v20091030.jar" shared="false" uninstallMode="0"/>
<entry name="lib\attachProviders\attachProviderHpux.jar" shared="false" uninstallMode="0"/>
<entry name="lib\attachProviders\attachProviderWindows.jar" shared="false" uninstallMode="0"/>
<entry name="jre\lib\classlist" shared="false" uninstallMode="3"/>
<entry name="demo\server\classes\com\ejt\demo\server\entities\Customer.class" shared="false" uninstallMode="0"/>
<entry name="jre\bin\api-ms-win-core-synch-l1-1-0.dll" shared="false" uninstallMode="3"/>
<entry name="demo\server\classes\com\ejt\demo\server\handlers\RmiHandler.class" shared="false" uninstallMode="0"/>
<entry name="demo\server\classes\com\ejt\mock\jdbc\MockStatement.class" shared="false" uninstallMode="0"/>
<entry name="jre\bin\api-ms-win-core-processthreads-l1-1-0.dll" shared="false" uninstallMode="3"/>
<entry name="api\javadoc\com\jprofiler\api\controller\HeapDumpOptions.html" shared="false" uninstallMode="0"/>
<entry name="api\samples\simple-injected-probe\build.gradle" shared="false" uninstallMode="0"/>
<entry name="jre\bin\npt.dll" shared="false" uninstallMode="3"/>
<entry name="lib\eclipse\plugins\com.ibm.icu_63.1.0.v20181030-1705.jar" shared="false" uninstallMode="0"/>
<entry name="jre\lib\flavormap.properties" shared="false" uninstallMode="3"/>
<entry name="api\jprofiler-mbean-sources.jar" shared="false" uninstallMode="0"/>
<entry name="demo\server\src\com\ejt\demo\server\ServerControl.java" shared="false" uninstallMode="0"/>
<entry name="jre\lib\cmm\PYCC.pf" shared="false" uninstallMode="3"/>
<entry name="jre\lib\ext\sunmscapi.jar" shared="false" uninstallMode="3"/>
<entry name="jre\bin\dt_socket.dll" shared="false" uninstallMode="3"/>
<entry name="jre\lib\cmm\sRGB.pf" shared="false" uninstallMode="3"/>
<entry name="demo\server\src\com\ejt\demo\server\DemoServer.java" shared="false" uninstallMode="0"/>
<entry name="lib\error_prone_annotations-2.1.3.jar" shared="false" uninstallMode="0"/>
<entry name="bin\gradle.jar" shared="false" uninstallMode="0"/>
<entry name="demo\server\classes\com\ejt\demo\server\mbean\TestMXBean.class" shared="false" uninstallMode="0"/>
<entry name="lib\commons-io-1.3.1.jar" shared="false" uninstallMode="0"/>
<entry name="demo\server\classes\com\ejt\mock\servlet\MockJspPage.class" shared="false" uninstallMode="0"/>
<entry name="jre\bin\api-ms-win-core-heap-l1-1-0.dll" shared="false" uninstallMode="3"/>
<entry name=".install4j\i4jinst.dll" shared="false" uninstallMode="0"/>
<entry name="lib\bcprov-jdk15on-1.66.jar" shared="false" uninstallMode="0"/>
<entry name="jre\lib\security\cacerts" shared="false" uninstallMode="3"/>
<entry name="integrations\idea-jprofiler.zip" shared="false" uninstallMode="0"/>
<entry name="api\javadoc\com\jprofiler\api\probe\embedded\telemetry\package-summary.html" shared="false" uninstallMode="0"/>
<entry name="lib\eclipse\plugins\org.eclipse.jdt.debug_3.12.100.v20181116-1959\META-INF\ECLIPSE_.SF" shared="false" uninstallMode="0"/>
<entry name="lib\jide-3.7.6.jar" shared="false" uninstallMode="0"/>
<entry name="jre\lib\currency.data" shared="false" uninstallMode="3"/>
<entry name="demo\server\classes\com\ejt\mock\jdbc\MockPreparedStatement.class" shared="false" uninstallMode="0"/>
<entry name="jre\bin\api-ms-win-crt-string-l1-1-0.dll" shared="false" uninstallMode="3"/>
<entry name="api\javadoc\com\jprofiler\api\platform\util\TreePrinter.html" shared="false" uninstallMode="0"/>
<entry name="lib\jclasslib-browser-5.3.2.jar" shared="false" uninstallMode="0"/>
<entry name="jre\lib\fonts\FiraCode-Light.ttf" shared="false" uninstallMode="3"/>
<entry name="api\javadoc\com\jprofiler\api\platform\connection\package-tree.html" shared="false" uninstallMode="0"/>
<entry name="api\jprofiler-probe-embedded-sources.jar" shared="false" uninstallMode="0"/>
<entry name="api\javadoc\com\jprofiler\api\platform\util\package-tree.html" shared="false" uninstallMode="0"/>
<entry name="api\javadoc\com\jprofiler\api\probe\embedded\Payload.html" shared="false" uninstallMode="0"/>
<entry name="api\javadoc\com\jprofiler\api\platform\descriptors\PackageDescriptor.html" shared="false" uninstallMode="0"/>
<entry name="api\javadoc\com\jprofiler\api\platform\data\CpuHotspots.html" shared="false" uninstallMode="0"/>
<entry name="demo\server\classes\com\ejt\demo\server\gui\ServerControlFrame$2.class" shared="false" uninstallMode="0"/>
<entry name="demo\server\src\com\ejt\demo\server\handlers\JdbcJobHandler.java" shared="false" uninstallMode="0"/>
</createdFiles>
<createdDirs>
<entry name="lib\probe" shared="false" uninstallMode="0"/>
<entry name="lib\eclipse\plugins\org.eclipse.jdt.debug_3.12.100.v20181116-1959\META-INF" shared="false" uninstallMode="0"/>
<entry name="lib\eclipse\plugins\org.eclipse.jdt.debug_3.12.100.v20181116-1959" shared="false" uninstallMode="0"/>
<entry name="lib\eclipse\plugins" shared="false" uninstallMode="0"/>
<entry name="lib\eclipse" shared="false" uninstallMode="0"/>
<entry name="lib\attachProviders" shared="false" uninstallMode="0"/>
<entry name="lib\api" shared="false" uninstallMode="0"/>
<entry name="lib" shared="false" uninstallMode="0"/>
<entry name="jre\lib\security\policy\unlimited" shared="false" uninstallMode="3"/>
<entry name="jre\lib\security\policy\limited" shared="false" uninstallMode="3"/>
<entry name="jre\lib\security\policy" shared="false" uninstallMode="3"/>
<entry name="jre\lib\security" shared="false" uninstallMode="3"/>
<entry name="jre\lib\management" shared="false" uninstallMode="3"/>
<entry name="jre\lib\images\cursors" shared="false" uninstallMode="3"/>
<entry name="jre\lib\images" shared="false" uninstallMode="3"/>
<entry name="jre\lib\fonts" shared="false" uninstallMode="3"/>
<entry name="jre\lib\ext" shared="false" uninstallMode="3"/>
<entry name="jre\lib\cmm" shared="false" uninstallMode="3"/>
<entry name="jre\lib\applet" shared="false" uninstallMode="3"/>
<entry name="jre\lib\amd64" shared="false" uninstallMode="3"/>
<entry name="jre\lib" shared="false" uninstallMode="3"/>
<entry name="jre\bin\server" shared="false" uninstallMode="3"/>
<entry name="jre\bin" shared="false" uninstallMode="3"/>
<entry name="jre" shared="false" uninstallMode="3"/>
<entry name="integrations" shared="false" uninstallMode="0"/>
<entry name="doc" shared="false" uninstallMode="0"/>
<entry name="demo\sort\src\sort" shared="false" uninstallMode="0"/>
<entry name="demo\sort\src" shared="false" uninstallMode="0"/>
<entry name="demo\sort\classes\sort" shared="false" uninstallMode="0"/>
<entry name="demo\sort\classes" shared="false" uninstallMode="0"/>
<entry name="demo\sort" shared="false" uninstallMode="0"/>
<entry name="demo\server\src\com\ejt\mock\servlet" shared="false" uninstallMode="0"/>
<entry name="demo\server\src\com\ejt\mock\jpa" shared="false" uninstallMode="0"/>
<entry name="demo\server\src\com\ejt\mock\jndi" shared="false" uninstallMode="0"/>
<entry name="demo\server\src\com\ejt\mock\jms" shared="false" uninstallMode="0"/>
<entry name="demo\server\src\com\ejt\mock\jdbc" shared="false" uninstallMode="0"/>
<entry name="demo\server\src\com\ejt\mock" shared="false" uninstallMode="0"/>
<entry name="demo\server\src\com\ejt\demo\server\test" shared="false" uninstallMode="0"/>
<entry name="demo\server\src\com\ejt\demo\server\mbean" shared="false" uninstallMode="0"/>
<entry name="demo\server\src\com\ejt\demo\server\handlers" shared="false" uninstallMode="0"/>
<entry name="demo\server\src\com\ejt\demo\server\gui" shared="false" uninstallMode="0"/>
<entry name="demo\server\src\com\ejt\demo\server\entities" shared="false" uninstallMode="0"/>
<entry name="demo\server\src\com\ejt\demo\server\controls" shared="false" uninstallMode="0"/>
<entry name="demo\server\src\com\ejt\demo\server" shared="false" uninstallMode="0"/>
<entry name="demo\server\src\com\ejt\demo\helper" shared="false" uninstallMode="0"/>
<entry name="demo\server\src\com\ejt\demo" shared="false" uninstallMode="0"/>
<entry name="demo\server\src\com\ejt" shared="false" uninstallMode="0"/>
<entry name="demo\server\src\com" shared="false" uninstallMode="0"/>
<entry name="demo\server\src" shared="false" uninstallMode="0"/>
<entry name="demo\server\lib" shared="false" uninstallMode="0"/>
<entry name="demo\server\classes\com\ejt\mock\servlet" shared="false" uninstallMode="0"/>
<entry name="demo\server\classes\com\ejt\mock\jpa" shared="false" uninstallMode="0"/>
<entry name="demo\server\classes\com\ejt\mock\jndi" shared="false" uninstallMode="0"/>
<entry name="demo\server\classes\com\ejt\mock\jms" shared="false" uninstallMode="0"/>
<entry name="demo\server\classes\com\ejt\mock\jdbc" shared="false" uninstallMode="0"/>
<entry name="demo\server\classes\com\ejt\mock" shared="false" uninstallMode="0"/>
<entry name="demo\server\classes\com\ejt\demo\server\test" shared="false" uninstallMode="0"/>
<entry name="demo\server\classes\com\ejt\demo\server\mbean" shared="false" uninstallMode="0"/>
<entry name="demo\server\classes\com\ejt\demo\server\handlers" shared="false" uninstallMode="0"/>
<entry name="demo\server\classes\com\ejt\demo\server\gui" shared="false" uninstallMode="0"/>
<entry name="demo\server\classes\com\ejt\demo\server\entities" shared="false" uninstallMode="0"/>
<entry name="demo\server\classes\com\ejt\demo\server\controls" shared="false" uninstallMode="0"/>
<entry name="demo\server\classes\com\ejt\demo\server" shared="false" uninstallMode="0"/>
<entry name="demo\server\classes\com\ejt\demo\helper" shared="false" uninstallMode="0"/>
<entry name="demo\server\classes\com\ejt\demo" shared="false" uninstallMode="0"/>
<entry name="demo\server\classes\com\ejt" shared="false" uninstallMode="0"/>
<entry name="demo\server\classes\com" shared="false" uninstallMode="0"/>
<entry name="demo\server\classes" shared="false" uninstallMode="0"/>
<entry name="demo\server" shared="false" uninstallMode="0"/>
<entry name="demo\mandelbrot\src\mandelbrot" shared="false" uninstallMode="0"/>
<entry name="demo\mandelbrot\src" shared="false" uninstallMode="0"/>
<entry name="demo\mandelbrot\classes\mandelbrot" shared="false" uninstallMode="0"/>
<entry name="demo\mandelbrot\classes" shared="false" uninstallMode="0"/>
<entry name="demo\mandelbrot" shared="false" uninstallMode="0"/>
<entry name="demo\jdbc\src\jdbc\db" shared="false" uninstallMode="0"/>
<entry name="demo\jdbc\src\jdbc" shared="false" uninstallMode="0"/>
<entry name="demo\jdbc\src" shared="false" uninstallMode="0"/>
<entry name="demo\jdbc\lib" shared="false" uninstallMode="0"/>
<entry name="demo\jdbc\classes\jdbc\db" shared="false" uninstallMode="0"/>
<entry name="demo\jdbc\classes\jdbc" shared="false" uninstallMode="0"/>
<entry name="demo\jdbc\classes" shared="false" uninstallMode="0"/>
<entry name="demo\jdbc" shared="false" uninstallMode="0"/>
<entry name="demo\bezier\src\bezier" shared="false" uninstallMode="0"/>
<entry name="demo\bezier\src" shared="false" uninstallMode="0"/>
<entry name="demo\bezier\classes\bezier" shared="false" uninstallMode="0"/>
<entry name="demo\bezier\classes" shared="false" uninstallMode="0"/>
<entry name="demo\bezier" shared="false" uninstallMode="0"/>
<entry name="demo" shared="false" uninstallMode="0"/>
<entry name="config" shared="false" uninstallMode="0"/>
<entry name="bin\windows-x64" shared="false" uninstallMode="0"/>
<entry name="bin\windows" shared="false" uninstallMode="0"/>
<entry name="bin\options" shared="false" uninstallMode="0"/>
<entry name="bin\helper" shared="false" uninstallMode="0"/>
<entry name="bin" shared="false" uninstallMode="0"/>
<entry name="api\samples\simple-injected-probe\src\main\java" shared="false" uninstallMode="0"/>
<entry name="api\samples\simple-injected-probe\src\main" shared="false" uninstallMode="0"/>
<entry name="api\samples\simple-injected-probe\src" shared="false" uninstallMode="0"/>
<entry name="api\samples\simple-injected-probe" shared="false" uninstallMode="0"/>
<entry name="api\samples\simple-embedded-probe\src\test\java" shared="false" uninstallMode="0"/>
<entry name="api\samples\simple-embedded-probe\src\test" shared="false" uninstallMode="0"/>
<entry name="api\samples\simple-embedded-probe\src\main\java\internal" shared="false" uninstallMode="0"/>
<entry name="api\samples\simple-embedded-probe\src\main\java" shared="false" uninstallMode="0"/>
<entry name="api\samples\simple-embedded-probe\src\main" shared="false" uninstallMode="0"/>
<entry name="api\samples\simple-embedded-probe\src" shared="false" uninstallMode="0"/>
<entry name="api\samples\simple-embedded-probe" shared="false" uninstallMode="0"/>
<entry name="api\samples\platform\src\main\java" shared="false" uninstallMode="0"/>
<entry name="api\samples\platform\src\main" shared="false" uninstallMode="0"/>
<entry name="api\samples\platform\src" shared="false" uninstallMode="0"/>
<entry name="api\samples\platform\app\src\main\java" shared="false" uninstallMode="0"/>
<entry name="api\samples\platform\app\src\main" shared="false" uninstallMode="0"/>
<entry name="api\samples\platform\app\src" shared="false" uninstallMode="0"/>
<entry name="api\samples\platform\app" shared="false" uninstallMode="0"/>
<entry name="api\samples\platform" shared="false" uninstallMode="0"/>
<entry name="api\samples\offline\src\main\java" shared="false" uninstallMode="0"/>
<entry name="api\samples\offline\src\main" shared="false" uninstallMode="0"/>
<entry name="api\samples\offline\src" shared="false" uninstallMode="0"/>
<entry name="api\samples\offline" shared="false" uninstallMode="0"/>
<entry name="api\samples\mbean\src\main\java" shared="false" uninstallMode="0"/>
<entry name="api\samples\mbean\src\main" shared="false" uninstallMode="0"/>
<entry name="api\samples\mbean\src" shared="false" uninstallMode="0"/>
<entry name="api\samples\mbean" shared="false" uninstallMode="0"/>
<entry name="api\samples\gradle\wrapper" shared="false" uninstallMode="0"/>
<entry name="api\samples\gradle" shared="false" uninstallMode="0"/>
<entry name="api\samples\common" shared="false" uninstallMode="0"/>
<entry name="api\samples\advanced-injected-probe\src\main\java" shared="false" uninstallMode="0"/>
<entry name="api\samples\advanced-injected-probe\src\main" shared="false" uninstallMode="0"/>
<entry name="api\samples\advanced-injected-probe\src" shared="false" uninstallMode="0"/>
<entry name="api\samples\advanced-injected-probe" shared="false" uninstallMode="0"/>
<entry name="api\samples\advanced-embedded-probe\src\test\java" shared="false" uninstallMode="0"/>
<entry name="api\samples\advanced-embedded-probe\src\test" shared="false" uninstallMode="0"/>
<entry name="api\samples\advanced-embedded-probe\src\main\java\internal" shared="false" uninstallMode="0"/>
<entry name="api\samples\advanced-embedded-probe\src\main\java" shared="false" uninstallMode="0"/>
<entry name="api\samples\advanced-embedded-probe\src\main" shared="false" uninstallMode="0"/>
<entry name="api\samples\advanced-embedded-probe\src" shared="false" uninstallMode="0"/>
<entry name="api\samples\advanced-embedded-probe" shared="false" uninstallMode="0"/>
<entry name="api\samples" shared="false" uninstallMode="0"/>
<entry name="api\javadoc\resources" shared="false" uninstallMode="0"/>
<entry name="api\javadoc\jquery\jszip\dist" shared="false" uninstallMode="0"/>
<entry name="api\javadoc\jquery\jszip-utils\dist" shared="false" uninstallMode="0"/>
<entry name="api\javadoc\jquery\jszip-utils" shared="false" uninstallMode="0"/>
<entry name="api\javadoc\jquery\jszip" shared="false" uninstallMode="0"/>
<entry name="api\javadoc\jquery\images" shared="false" uninstallMode="0"/>
<entry name="api\javadoc\jquery\external\jquery" shared="false" uninstallMode="0"/>
<entry name="api\javadoc\jquery\external" shared="false" uninstallMode="0"/>
<entry name="api\javadoc\jquery" shared="false" uninstallMode="0"/>
<entry name="api\javadoc\com\jprofiler\api\probe\injected\telemetry" shared="false" uninstallMode="0"/>
<entry name="api\javadoc\com\jprofiler\api\probe\injected\parameter" shared="false" uninstallMode="0"/>
<entry name="api\javadoc\com\jprofiler\api\probe\injected\interception" shared="false" uninstallMode="0"/>
<entry name="api\javadoc\com\jprofiler\api\probe\injected" shared="false" uninstallMode="0"/>
<entry name="api\javadoc\com\jprofiler\api\probe\embedded\telemetry" shared="false" uninstallMode="0"/>
<entry name="api\javadoc\com\jprofiler\api\probe\embedded" shared="false" uninstallMode="0"/>
<entry name="api\javadoc\com\jprofiler\api\probe" shared="false" uninstallMode="0"/>
<entry name="api\javadoc\com\jprofiler\api\platform\util" shared="false" uninstallMode="0"/>
<entry name="api\javadoc\com\jprofiler\api\platform\structures" shared="false" uninstallMode="0"/>
<entry name="api\javadoc\com\jprofiler\api\platform\parameters" shared="false" uninstallMode="0"/>
<entry name="api\javadoc\com\jprofiler\api\platform\descriptors" shared="false" uninstallMode="0"/>
<entry name="api\javadoc\com\jprofiler\api\platform\data" shared="false" uninstallMode="0"/>
<entry name="api\javadoc\com\jprofiler\api\platform\connection" shared="false" uninstallMode="0"/>
<entry name="api\javadoc\com\jprofiler\api\platform" shared="false" uninstallMode="0"/>
<entry name="api\javadoc\com\jprofiler\api\controller" shared="false" uninstallMode="0"/>
<entry name="api\javadoc\com\jprofiler\api\agent\mbean" shared="false" uninstallMode="0"/>
<entry name="api\javadoc\com\jprofiler\api\agent" shared="false" uninstallMode="0"/>
<entry name="api\javadoc\com\jprofiler\api" shared="false" uninstallMode="0"/>
<entry name="api\javadoc\com\jprofiler" shared="false" uninstallMode="0"/>
<entry name="api\javadoc\com" shared="false" uninstallMode="0"/>
<entry name="api\javadoc" shared="false" uninstallMode="0"/>
<entry name="api" shared="false" uninstallMode="0"/>
<entry name=".install4j\user" shared="false" uninstallMode="0"/>
<entry name=".install4j" shared="false" uninstallMode="0"/>
<entry name="." shared="false" uninstallMode="0"/>
<entry name="C:\ProgramData\Microsoft\Windows\Start Menu\Programs\JProfiler 11" shared="false" uninstallMode="0"/>
</createdDirs>
</fileLog>
