2020-07-21 16:21:15,443 INFO o.a.j.u.JMeterUtils: Setting Locale to en_EN
2020-07-21 16:21:15,453 INFO o.a.j.JMeter: Loading user properties from: user.properties
2020-07-21 16:21:15,453 INFO o.a.j.JMeter: Loading system properties from: system.properties
2020-07-21 16:21:15,457 INFO o.a.j.JMeter: Copyright (c) 1998-2018 The Apache Software Foundation
2020-07-21 16:21:15,457 INFO o.a.j.JMeter: Version 5.0 r1840935
2020-07-21 16:21:15,457 INFO o.a.j.JMeter: java.version=1.8.0_241
2020-07-21 16:21:15,457 INFO o.a.j.JMeter: java.vm.name=Java HotSpot(TM) 64-Bit Server VM
2020-07-21 16:21:15,457 INFO o.a.j.JMeter: os.name=Windows 7
2020-07-21 16:21:15,457 INFO o.a.j.JMeter: os.arch=amd64
2020-07-21 16:21:15,458 INFO o.a.j.JMeter: os.version=6.1
2020-07-21 16:21:15,458 INFO o.a.j.JMeter: file.encoding=GBK
2020-07-21 16:21:15,458 INFO o.a.j.JMeter: Max memory     =1073741824
2020-07-21 16:21:15,458 INFO o.a.j.JMeter: Available Processors =4
2020-07-21 16:21:15,461 INFO o.a.j.JMeter: Default Locale=English (EN)
2020-07-21 16:21:15,461 INFO o.a.j.JMeter: JMeter  Locale=English (EN)
2020-07-21 16:21:15,461 INFO o.a.j.JMeter: JMeterHome=D:\app\apache-jmeter-5.0
2020-07-21 16:21:15,462 INFO o.a.j.JMeter: user.dir  =D:\app\apache-jmeter-5.0\bin
2020-07-21 16:21:15,462 INFO o.a.j.JMeter: PWD       =D:\app\apache-jmeter-5.0\bin
2020-07-21 16:21:15,462 INFO o.a.j.JMeter: IP: 172.36.0.22 Name: 168-PC FullName: 168-PC
2020-07-21 16:21:15,636 INFO o.a.j.g.a.LookAndFeelCommand: Installing Darcula LAF
2020-07-21 16:21:15,649 INFO o.a.j.g.a.LookAndFeelCommand: Using look and feel: com.sun.java.swing.plaf.windows.WindowsLookAndFeel [Darcula]
2020-07-21 16:21:15,649 INFO o.a.j.JMeter: Setting LAF to: com.sun.java.swing.plaf.windows.WindowsLookAndFeel
2020-07-21 16:21:15,675 INFO o.a.j.JMeter: Loaded icon properties from org/apache/jmeter/images/icon.properties
2020-07-21 16:21:16,245 INFO o.a.j.e.u.CompoundVariable: Note: Function class names must contain the string: '.functions.'
2020-07-21 16:21:16,245 INFO o.a.j.e.u.CompoundVariable: Note: Function class names must not contain the string: '.gui.'
2020-07-21 16:21:17,714 INFO o.a.j.p.h.s.HTTPSamplerBase: Parser for text/html is org.apache.jmeter.protocol.http.parser.LagartoBasedHtmlParser
2020-07-21 16:21:17,715 INFO o.a.j.p.h.s.HTTPSamplerBase: Parser for application/xhtml+xml is org.apache.jmeter.protocol.http.parser.LagartoBasedHtmlParser
2020-07-21 16:21:17,715 INFO o.a.j.p.h.s.HTTPSamplerBase: Parser for application/xml is org.apache.jmeter.protocol.http.parser.LagartoBasedHtmlParser
2020-07-21 16:21:17,715 INFO o.a.j.p.h.s.HTTPSamplerBase: Parser for text/xml is org.apache.jmeter.protocol.http.parser.LagartoBasedHtmlParser
2020-07-21 16:21:17,715 INFO o.a.j.p.h.s.HTTPSamplerBase: Parser for text/vnd.wap.wml is org.apache.jmeter.protocol.http.parser.RegexpHTMLParser
2020-07-21 16:21:17,715 INFO o.a.j.p.h.s.HTTPSamplerBase: Parser for text/css is org.apache.jmeter.protocol.http.parser.CssParser
2020-07-21 16:21:18,095 INFO o.a.j.e.KeyToolUtils: keytool found at 'keytool'
2020-07-21 16:21:18,095 INFO o.a.j.p.h.p.ProxyControl: HTTP(S) Test Script Recorder SSL Proxy will use keys that support embedded 3rd party resources in file D:\app\apache-jmeter-5.0\bin\proxyserver.jks
2020-07-21 16:21:18,239 INFO o.a.j.s.FileServer: Default base='D:\app\apache-jmeter-5.0\bin'
2020-07-21 16:21:19,014 INFO o.a.j.s.SampleResult: Note: Sample TimeStamps are START times
2020-07-21 16:21:19,015 INFO o.a.j.s.SampleResult: sampleresult.default.encoding is set to ISO-8859-1
2020-07-21 16:21:19,015 INFO o.a.j.s.SampleResult: sampleresult.useNanoTime=true
2020-07-21 16:21:19,015 INFO o.a.j.s.SampleResult: sampleresult.nanoThreadSleep=5000
2020-07-21 16:21:27,535 INFO o.a.j.g.a.Load: Loading file: D:\app\apache-jmeter-5.0\bin\HTTP Request Defaults.jmx
2020-07-21 16:21:27,535 INFO o.a.j.s.FileServer: Set new base='D:\app\apache-jmeter-5.0\bin'
2020-07-21 16:21:27,670 INFO o.a.j.s.SaveService: Testplan (JMX) version: 2.2. Testlog (JTL) version: 2.2
2020-07-21 16:21:27,697 INFO o.a.j.s.SaveService: Using SaveService properties file encoding UTF-8
2020-07-21 16:21:27,699 INFO o.a.j.s.SaveService: Using SaveService properties version 5.0
2020-07-21 16:21:27,701 INFO o.a.j.s.SaveService: Loading file: D:\app\apache-jmeter-5.0\bin\HTTP Request Defaults.jmx
2020-07-21 16:21:27,841 INFO o.a.j.s.FileServer: Set new base='D:\app\apache-jmeter-5.0\bin'
2020-07-21 16:27:44,833 WARN o.a.j.u.JMeterUtils: ERROR! Resource string not found: [label]
2020-07-21 16:27:44,847 WARN o.a.j.u.JMeterUtils: ERROR! Resource string not found: [label]
2020-07-21 16:27:44,848 WARN o.a.j.u.JMeterUtils: ERROR! Resource string not found: [label]
2020-07-21 16:27:44,848 WARN o.a.j.u.JMeterUtils: ERROR! Resource string not found: [label]
2020-07-21 16:27:44,850 WARN o.a.j.u.JMeterUtils: ERROR! Resource string not found: [label]
2020-07-21 16:27:44,909 WARN o.a.j.u.JMeterUtils: ERROR! Resource string not found: [label]
2020-07-21 16:27:44,910 WARN o.a.j.u.JMeterUtils: ERROR! Resource string not found: [#_samples]
2020-07-21 16:27:44,911 WARN o.a.j.u.JMeterUtils: ERROR! Resource string not found: [median]
2020-07-21 16:27:44,911 WARN o.a.j.u.JMeterUtils: ERROR! Resource string not found: [90%_line]
2020-07-21 16:27:44,912 WARN o.a.j.u.JMeterUtils: ERROR! Resource string not found: [95%_line]
2020-07-21 16:27:44,913 WARN o.a.j.u.JMeterUtils: ERROR! Resource string not found: [99%_line]
2020-07-21 16:27:44,914 WARN o.a.j.u.JMeterUtils: ERROR! Resource string not found: [min]
2020-07-21 16:27:44,914 WARN o.a.j.u.JMeterUtils: ERROR! Resource string not found: [error_%]
2020-07-21 16:27:44,915 WARN o.a.j.u.JMeterUtils: ERROR! Resource string not found: [throughput]
2020-07-21 16:27:44,915 WARN o.a.j.u.JMeterUtils: ERROR! Resource string not found: [received_kb/sec]
2020-07-21 16:27:44,915 WARN o.a.j.u.JMeterUtils: ERROR! Resource string not found: [sent_kb/sec]
2020-07-21 16:27:44,949 WARN o.a.j.u.JMeterUtils: ERROR! Resource string not found: [label]
2020-07-21 16:27:44,954 WARN o.a.j.u.JMeterUtils: ERROR! Resource string not found: [label]
2020-07-21 16:27:44,956 WARN o.a.j.u.JMeterUtils: ERROR! Resource string not found: [label]
2020-07-21 16:27:44,972 WARN o.a.j.u.JMeterUtils: ERROR! Resource string not found: [label]
2020-07-21 16:27:44,972 WARN o.a.j.u.JMeterUtils: ERROR! Resource string not found: [#_samples]
2020-07-21 16:27:44,972 WARN o.a.j.u.JMeterUtils: ERROR! Resource string not found: [median]
2020-07-21 16:27:44,972 WARN o.a.j.u.JMeterUtils: ERROR! Resource string not found: [90%_line]
2020-07-21 16:27:44,973 WARN o.a.j.u.JMeterUtils: ERROR! Resource string not found: [95%_line]
2020-07-21 16:27:44,973 WARN o.a.j.u.JMeterUtils: ERROR! Resource string not found: [99%_line]
2020-07-21 16:27:44,973 WARN o.a.j.u.JMeterUtils: ERROR! Resource string not found: [min]
2020-07-21 16:27:44,973 WARN o.a.j.u.JMeterUtils: ERROR! Resource string not found: [error_%]
2020-07-21 16:27:44,973 WARN o.a.j.u.JMeterUtils: ERROR! Resource string not found: [throughput]
2020-07-21 16:27:44,973 WARN o.a.j.u.JMeterUtils: ERROR! Resource string not found: [received_kb/sec]
2020-07-21 16:27:44,974 WARN o.a.j.u.JMeterUtils: ERROR! Resource string not found: [sent_kb/sec]
2020-07-21 16:28:06,711 WARN o.a.j.u.JMeterUtils: ERROR! Resource string not found: [label]
2020-07-21 16:28:06,715 WARN o.a.j.u.JMeterUtils: ERROR! Resource string not found: [label]
2020-07-21 16:28:06,715 WARN o.a.j.u.JMeterUtils: ERROR! Resource string not found: [label]
2020-07-21 16:28:06,730 WARN o.a.j.u.JMeterUtils: ERROR! Resource string not found: [label]
2020-07-21 16:28:06,731 WARN o.a.j.u.JMeterUtils: ERROR! Resource string not found: [#_samples]
2020-07-21 16:28:06,731 WARN o.a.j.u.JMeterUtils: ERROR! Resource string not found: [median]
2020-07-21 16:28:06,731 WARN o.a.j.u.JMeterUtils: ERROR! Resource string not found: [90%_line]
2020-07-21 16:28:06,732 WARN o.a.j.u.JMeterUtils: ERROR! Resource string not found: [95%_line]
2020-07-21 16:28:06,732 WARN o.a.j.u.JMeterUtils: ERROR! Resource string not found: [99%_line]
2020-07-21 16:28:06,732 WARN o.a.j.u.JMeterUtils: ERROR! Resource string not found: [min]
2020-07-21 16:28:06,733 WARN o.a.j.u.JMeterUtils: ERROR! Resource string not found: [error_%]
2020-07-21 16:28:06,733 WARN o.a.j.u.JMeterUtils: ERROR! Resource string not found: [throughput]
2020-07-21 16:28:06,734 WARN o.a.j.u.JMeterUtils: ERROR! Resource string not found: [received_kb/sec]
2020-07-21 16:28:06,734 WARN o.a.j.u.JMeterUtils: ERROR! Resource string not found: [sent_kb/sec]
2020-07-21 16:28:06,791 WARN o.a.j.u.JMeterUtils: ERROR! Resource string not found: [label]
2020-07-21 16:28:06,791 WARN o.a.j.u.JMeterUtils: ERROR! Resource string not found: [#_samples]
2020-07-21 16:28:06,792 WARN o.a.j.u.JMeterUtils: ERROR! Resource string not found: [median]
2020-07-21 16:28:06,792 WARN o.a.j.u.JMeterUtils: ERROR! Resource string not found: [90%_line]
2020-07-21 16:28:06,792 WARN o.a.j.u.JMeterUtils: ERROR! Resource string not found: [95%_line]
2020-07-21 16:28:06,792 WARN o.a.j.u.JMeterUtils: ERROR! Resource string not found: [99%_line]
2020-07-21 16:28:06,792 WARN o.a.j.u.JMeterUtils: ERROR! Resource string not found: [min]
2020-07-21 16:28:06,792 WARN o.a.j.u.JMeterUtils: ERROR! Resource string not found: [error_%]
2020-07-21 16:28:06,792 WARN o.a.j.u.JMeterUtils: ERROR! Resource string not found: [throughput]
2020-07-21 16:28:06,793 WARN o.a.j.u.JMeterUtils: ERROR! Resource string not found: [received_kb/sec]
2020-07-21 16:28:06,793 WARN o.a.j.u.JMeterUtils: ERROR! Resource string not found: [sent_kb/sec]
